version: 1
creator: xdebug 2.3.2
cmd: /var/www/html/sameas-lite/profile/QuerySymbol.php
part: 1
positions: line

events: Time

fl=(1) /var/www/html/sameas-lite/vendor/composer/autoload_real.php
fn=(1) require_once::/var/www/html/sameas-lite/vendor/composer/autoload_real.php
1 0

fl=(2) php:internal
fn=(2) php::spl_autoload_register
22 7

fl=(3) /var/www/html/sameas-lite/vendor/composer/ClassLoader.php
fn=(3) require::/var/www/html/sameas-lite/vendor/composer/ClassLoader.php
1 3

fl=(1)
fn=(4) ComposerAutoloaderInit8c21d59468a1b346516972e73914d46d::loadClassLoader
9 7241
cfl=(3)
cfn=(3)
calls=1 0 0
12 3

fl=(2)
fn=(5) php::spl_autoload_call
23 30
cfl=(1)
cfn=(4)
calls=1 0 0
23 7245

fl=(2)
fn=(6) php::spl_autoload_unregister
24 42

fl=(2)
fn=(7) php::dirname
5 5

fl=(2)
fn=(7)
5 0

fl=(2)
fn=(7)
6 0

fl=(4) /var/www/html/sameas-lite/vendor/composer/include_paths.php
fn=(8) require::/var/www/html/sameas-lite/vendor/composer/include_paths.php
1 80
cfl=(2)
cfn=(7)
calls=1 0 0
5 5
cfl=(2)
cfn=(7)
calls=1 0 0
5 0
cfl=(2)
cfn=(7)
calls=1 0 0
6 0

fl=(2)
fn=(9) php::get_include_path
27 2

fl=(2)
fn=(10) php::array_push
27 3

fl=(2)
fn=(11) php::join
28 3

fl=(2)
fn=(12) php::set_include_path
28 0

fl=(2)
fn=(7)
5 0

fl=(2)
fn=(7)
5 0

fl=(2)
fn=(7)
6 0

fl=(5) /var/www/html/sameas-lite/vendor/composer/autoload_namespaces.php
fn=(13) require::/var/www/html/sameas-lite/vendor/composer/autoload_namespaces.php
1 65
cfl=(2)
cfn=(7)
calls=1 0 0
5 0
cfl=(2)
cfn=(7)
calls=1 0 0
5 0
cfl=(2)
cfn=(7)
calls=1 0 0
6 0

fl=(3)
fn=(14) Composer\Autoload\ClassLoader->set
200 27

fl=(3)
fn=(14)
200 1

fl=(3)
fn=(14)
200 1

fl=(3)
fn=(14)
200 0

fl=(3)
fn=(14)
200 0

fl=(3)
fn=(14)
200 0

fl=(3)
fn=(14)
200 1

fl=(3)
fn=(14)
200 0

fl=(3)
fn=(14)
200 0

fl=(3)
fn=(14)
200 0

fl=(3)
fn=(14)
200 0

fl=(3)
fn=(14)
200 0

fl=(3)
fn=(14)
200 0

fl=(3)
fn=(14)
200 0

fl=(3)
fn=(14)
200 0

fl=(3)
fn=(14)
200 1

fl=(3)
fn=(14)
200 0

fl=(3)
fn=(14)
200 0

fl=(3)
fn=(14)
200 0

fl=(3)
fn=(14)
200 0

fl=(3)
fn=(14)
200 0

fl=(3)
fn=(14)
200 1

fl=(3)
fn=(14)
200 3

fl=(3)
fn=(14)
200 2

fl=(3)
fn=(14)
200 1

fl=(3)
fn=(14)
200 0

fl=(3)
fn=(14)
200 0

fl=(3)
fn=(14)
200 0

fl=(3)
fn=(14)
200 1

fl=(3)
fn=(14)
200 2

fl=(3)
fn=(14)
200 0

fl=(3)
fn=(14)
200 0

fl=(3)
fn=(14)
200 0

fl=(3)
fn=(14)
200 0

fl=(3)
fn=(14)
200 0

fl=(3)
fn=(14)
200 1

fl=(3)
fn=(14)
200 0

fl=(3)
fn=(14)
200 5

fl=(3)
fn=(14)
200 3

fl=(3)
fn=(14)
200 0

fl=(2)
fn=(7)
5 0

fl=(2)
fn=(7)
5 0

fl=(2)
fn=(7)
6 1

fl=(6) /var/www/html/sameas-lite/vendor/composer/autoload_psr4.php
fn=(15) require::/var/www/html/sameas-lite/vendor/composer/autoload_psr4.php
1 49
cfl=(2)
cfn=(7)
calls=1 0 0
5 0
cfl=(2)
cfn=(7)
calls=1 0 0
5 0
cfl=(2)
cfn=(7)
calls=1 0 0
6 1

fl=(2)
fn=(16) php::strlen
223 0

fl=(3)
fn=(17) Composer\Autoload\ClassLoader->setPsr4
218 20
cfl=(2)
cfn=(16)
calls=1 0 0
223 0

fl=(2)
fn=(16)
223 0

fl=(3)
fn=(17)
218 11
cfl=(2)
cfn=(16)
calls=1 0 0
223 0

fl=(2)
fn=(16)
223 0

fl=(3)
fn=(17)
218 12
cfl=(2)
cfn=(16)
calls=1 0 0
223 0

fl=(2)
fn=(16)
223 0

fl=(3)
fn=(17)
218 11
cfl=(2)
cfn=(16)
calls=1 0 0
223 0

fl=(2)
fn=(16)
223 0

fl=(3)
fn=(17)
218 12
cfl=(2)
cfn=(16)
calls=1 0 0
223 0

fl=(2)
fn=(16)
223 0

fl=(3)
fn=(17)
218 11
cfl=(2)
cfn=(16)
calls=1 0 0
223 0

fl=(2)
fn=(16)
223 0

fl=(3)
fn=(17)
218 12
cfl=(2)
cfn=(16)
calls=1 0 0
223 0

fl=(2)
fn=(16)
223 0

fl=(3)
fn=(17)
218 11
cfl=(2)
cfn=(16)
calls=1 0 0
223 0

fl=(2)
fn=(16)
223 0

fl=(3)
fn=(17)
218 11
cfl=(2)
cfn=(16)
calls=1 0 0
223 0

fl=(2)
fn=(16)
223 0

fl=(3)
fn=(17)
218 11
cfl=(2)
cfn=(16)
calls=1 0 0
223 0

fl=(2)
fn=(16)
223 0

fl=(3)
fn=(17)
218 15
cfl=(2)
cfn=(16)
calls=1 0 0
223 0

fl=(2)
fn=(16)
223 0

fl=(3)
fn=(17)
218 12
cfl=(2)
cfn=(16)
calls=1 0 0
223 0

fl=(2)
fn=(16)
223 0

fl=(3)
fn=(17)
218 11
cfl=(2)
cfn=(16)
calls=1 0 0
223 0

fl=(2)
fn=(16)
223 1

fl=(3)
fn=(17)
218 9
cfl=(2)
cfn=(16)
calls=1 0 0
223 1

fl=(2)
fn=(16)
223 0

fl=(3)
fn=(17)
218 11
cfl=(2)
cfn=(16)
calls=1 0 0
223 0

fl=(2)
fn=(16)
223 0

fl=(3)
fn=(17)
218 12
cfl=(2)
cfn=(16)
calls=1 0 0
223 0

fl=(2)
fn=(16)
223 0

fl=(3)
fn=(17)
218 11
cfl=(2)
cfn=(16)
calls=1 0 0
223 0

fl=(2)
fn=(7)
5 1

fl=(2)
fn=(7)
5 0

fl=(2)
fn=(7)
6 0

fl=(7) /var/www/html/sameas-lite/vendor/composer/autoload_classmap.php
fn=(18) require::/var/www/html/sameas-lite/vendor/composer/autoload_classmap.php
1 409
cfl=(2)
cfn=(7)
calls=1 0 0
5 1
cfl=(2)
cfn=(7)
calls=1 0 0
5 0
cfl=(2)
cfn=(7)
calls=1 0 0
6 0

fl=(3)
fn=(19) Composer\Autoload\ClassLoader->addClassMap
91 9

fl=(2)
fn=(2)
281 4

fl=(3)
fn=(20) Composer\Autoload\ClassLoader->register
279 23
cfl=(2)
cfn=(2)
calls=1 0 0
281 4

fl=(2)
fn=(7)
5 0

fl=(2)
fn=(7)
5 0

fl=(2)
fn=(7)
6 0

fl=(8) /var/www/html/sameas-lite/vendor/composer/autoload_files.php
fn=(21) require::/var/www/html/sameas-lite/vendor/composer/autoload_files.php
1 41
cfl=(2)
cfn=(7)
calls=1 0 0
5 0
cfl=(2)
cfn=(7)
calls=1 0 0
5 0
cfl=(2)
cfn=(7)
calls=1 0 0
6 0

fl=(2)
fn=(22) php::defined
3 5

fl=(2)
fn=(23) php::phpversion
10 0

fl=(2)
fn=(24) php::version_compare
10 5

fl=(2)
fn=(25) php::define
10 1

fl=(9) /var/www/html/sameas-lite/vendor/herrera-io/json/src/lib/json_version.php
fn=(26) require::/var/www/html/sameas-lite/vendor/herrera-io/json/src/lib/json_version.php
1 56
cfl=(2)
cfn=(22)
calls=1 0 0
3 5
cfl=(2)
cfn=(23)
calls=1 0 0
10 0
cfl=(2)
cfn=(24)
calls=1 0 0
10 5
cfl=(2)
cfn=(25)
calls=1 0 0
10 1

fl=(1)
fn=(27) composerRequire8c21d59468a1b346516972e73914d46d
56 87
cfl=(9)
cfn=(26)
calls=1 0 0
58 68

fl=(2)
fn=(22)
3 1

fl=(2)
fn=(25)
10 0

fl=(10) /var/www/html/sameas-lite/vendor/herrera-io/phar-update/src/lib/constants.php
fn=(28) require::/var/www/html/sameas-lite/vendor/herrera-io/phar-update/src/lib/constants.php
1 29
cfl=(2)
cfn=(22)
calls=1 0 0
3 1
cfl=(2)
cfn=(25)
calls=1 0 0
10 0

fl=(1)
fn=(27)
56 66
cfl=(10)
cfn=(28)
calls=1 0 0
58 31

fl=(1)
fn=(29) ComposerAutoloaderInit8c21d59468a1b346516972e73914d46d::getLoader
16 8086
cfl=(2)
cfn=(2)
calls=1 0 0
22 7
cfl=(2)
cfn=(5)
calls=1 0 0
23 7276
cfl=(2)
cfn=(6)
calls=1 0 0
24 42
cfl=(4)
cfn=(8)
calls=1 0 0
26 85
cfl=(2)
cfn=(9)
calls=1 0 0
27 2
cfl=(2)
cfn=(10)
calls=1 0 0
27 3
cfl=(2)
cfn=(11)
calls=1 0 0
28 3
cfl=(2)
cfn=(12)
calls=1 0 0
28 0
cfl=(5)
cfn=(13)
calls=1 0 0
30 66
cfl=(3)
cfn=(14)
calls=1 0 0
32 27
cfl=(3)
cfn=(14)
calls=1 0 0
32 1
cfl=(3)
cfn=(14)
calls=1 0 0
32 1
cfl=(3)
cfn=(14)
calls=1 0 0
32 0
cfl=(3)
cfn=(14)
calls=1 0 0
32 0
cfl=(3)
cfn=(14)
calls=1 0 0
32 0
cfl=(3)
cfn=(14)
calls=1 0 0
32 1
cfl=(3)
cfn=(14)
calls=1 0 0
32 0
cfl=(3)
cfn=(14)
calls=1 0 0
32 0
cfl=(3)
cfn=(14)
calls=1 0 0
32 0
cfl=(3)
cfn=(14)
calls=1 0 0
32 0
cfl=(3)
cfn=(14)
calls=1 0 0
32 0
cfl=(3)
cfn=(14)
calls=1 0 0
32 0
cfl=(3)
cfn=(14)
calls=1 0 0
32 0
cfl=(3)
cfn=(14)
calls=1 0 0
32 0
cfl=(3)
cfn=(14)
calls=1 0 0
32 1
cfl=(3)
cfn=(14)
calls=1 0 0
32 0
cfl=(3)
cfn=(14)
calls=1 0 0
32 0
cfl=(3)
cfn=(14)
calls=1 0 0
32 0
cfl=(3)
cfn=(14)
calls=1 0 0
32 0
cfl=(3)
cfn=(14)
calls=1 0 0
32 0
cfl=(3)
cfn=(14)
calls=1 0 0
32 1
cfl=(3)
cfn=(14)
calls=1 0 0
32 3
cfl=(3)
cfn=(14)
calls=1 0 0
32 2
cfl=(3)
cfn=(14)
calls=1 0 0
32 1
cfl=(3)
cfn=(14)
calls=1 0 0
32 0
cfl=(3)
cfn=(14)
calls=1 0 0
32 0
cfl=(3)
cfn=(14)
calls=1 0 0
32 0
cfl=(3)
cfn=(14)
calls=1 0 0
32 1
cfl=(3)
cfn=(14)
calls=1 0 0
32 2
cfl=(3)
cfn=(14)
calls=1 0 0
32 0
cfl=(3)
cfn=(14)
calls=1 0 0
32 0
cfl=(3)
cfn=(14)
calls=1 0 0
32 0
cfl=(3)
cfn=(14)
calls=1 0 0
32 0
cfl=(3)
cfn=(14)
calls=1 0 0
32 0
cfl=(3)
cfn=(14)
calls=1 0 0
32 1
cfl=(3)
cfn=(14)
calls=1 0 0
32 0
cfl=(3)
cfn=(14)
calls=1 0 0
32 5
cfl=(3)
cfn=(14)
calls=1 0 0
32 3
cfl=(3)
cfn=(14)
calls=1 0 0
32 0
cfl=(6)
cfn=(15)
calls=1 0 0
35 51
cfl=(3)
cfn=(17)
calls=1 0 0
37 20
cfl=(3)
cfn=(17)
calls=1 0 0
37 11
cfl=(3)
cfn=(17)
calls=1 0 0
37 12
cfl=(3)
cfn=(17)
calls=1 0 0
37 11
cfl=(3)
cfn=(17)
calls=1 0 0
37 12
cfl=(3)
cfn=(17)
calls=1 0 0
37 11
cfl=(3)
cfn=(17)
calls=1 0 0
37 12
cfl=(3)
cfn=(17)
calls=1 0 0
37 11
cfl=(3)
cfn=(17)
calls=1 0 0
37 11
cfl=(3)
cfn=(17)
calls=1 0 0
37 11
cfl=(3)
cfn=(17)
calls=1 0 0
37 15
cfl=(3)
cfn=(17)
calls=1 0 0
37 12
cfl=(3)
cfn=(17)
calls=1 0 0
37 11
cfl=(3)
cfn=(17)
calls=1 0 0
37 10
cfl=(3)
cfn=(17)
calls=1 0 0
37 11
cfl=(3)
cfn=(17)
calls=1 0 0
37 12
cfl=(3)
cfn=(17)
calls=1 0 0
37 11
cfl=(7)
cfn=(18)
calls=1 0 0
40 411
cfl=(3)
cfn=(19)
calls=1 0 0
42 9
cfl=(3)
cfn=(20)
calls=1 0 0
45 27
cfl=(8)
cfn=(21)
calls=1 0 0
47 42
cfl=(1)
cfn=(27)
calls=1 0 0
49 156
cfl=(1)
cfn=(27)
calls=1 0 0
49 97

fl=(11) /var/www/html/sameas-lite/vendor/autoload.php
fn=(30) require_once::/var/www/html/sameas-lite/vendor/autoload.php
1 513
cfl=(1)
cfn=(1)
calls=1 0 0
5 0
cfl=(1)
cfn=(29)
calls=1 0 0
7 16661

fl=(2)
fn=(31) php::strtr
347 2

fl=(2)
fn=(32) php::strpos
352 1

fl=(2)
fn=(32)
352 0

fl=(2)
fn=(32)
352 0

fl=(2)
fn=(32)
352 0

fl=(2)
fn=(33) php::substr
354 1

fl=(2)
fn=(34) php::file_exists
354 10

fl=(3)
fn=(35) Composer\Autoload\ClassLoader->findFileWithExtension
344 86
cfl=(2)
cfn=(31)
calls=1 0 0
347 2
cfl=(2)
cfn=(32)
calls=1 0 0
352 1
cfl=(2)
cfn=(32)
calls=1 0 0
352 0
cfl=(2)
cfn=(32)
calls=1 0 0
352 0
cfl=(2)
cfn=(32)
calls=1 0 0
352 0
cfl=(2)
cfn=(33)
calls=1 0 0
354 1
cfl=(2)
cfn=(34)
calls=1 0 0
354 10

fl=(3)
fn=(36) Composer\Autoload\ClassLoader->findFile
314 65
cfl=(3)
cfn=(35)
calls=1 0 0
329 103

fl=(12) /var/www/html/sameas-lite/src/Store.php
fn=(37) include::/var/www/html/sameas-lite/src/Store.php
1 30

fl=(3)
fn=(38) Composer\Autoload\includeFile
410 17807
cfl=(12)
cfn=(37)
calls=1 0 0
412 30

fl=(3)
fn=(39) Composer\Autoload\ClassLoader->loadClass
298 96
cfl=(3)
cfn=(36)
calls=1 0 0
300 169
cfl=(3)
cfn=(38)
calls=1 0 0
301 17838

fl=(2)
fn=(5)
48 70
cfl=(3)
cfn=(39)
calls=1 0 0
48 18103

fl=(2)
fn=(32)
85 9

fl=(2)
fn=(33)
86 5

fl=(2)
fn=(40) php::in_array
93 15

fl=(2)
fn=(41) php::preg_match
113 158

fl=(12)
fn=(42) SameAsLite\Store->__construct
81 263
cfl=(2)
cfn=(32)
calls=1 0 0
85 9
cfl=(2)
cfn=(33)
calls=1 0 0
86 5
cfl=(2)
cfn=(40)
calls=1 0 0
93 15
cfl=(2)
cfn=(41)
calls=1 0 0
113 158

fl=(2)
fn=(43) php::PDO->__construct
141 2933

fl=(2)
fn=(44) php::PDO->setAttribute
150 1

fl=(2)
fn=(45) php::PDO->exec
155 216

fl=(2)
fn=(45)
177 179

fl=(12)
fn=(46) SameAsLite\Store->connect
131 196
cfl=(2)
cfn=(43)
calls=1 0 0
141 2933
cfl=(2)
cfn=(44)
calls=1 0 0
150 1
cfl=(2)
cfn=(45)
calls=1 0 0
155 216
cfl=(2)
cfn=(45)
calls=1 0 0
177 179

fl=(2)
fn=(47) php::PDO->prepare
221 9

fl=(2)
fn=(48) php::PDOStatement->execute
222 112

fl=(2)
fn=(49) php::PDOStatement->fetchAll
223 119

fl=(12)
fn=(50) SameAsLite\Store->querySymbol
209 241
cfl=(12)
cfn=(46)
calls=1 0 0
213 3527
cfl=(2)
cfn=(47)
calls=1 0 0
221 9
cfl=(2)
cfn=(48)
calls=1 0 0
222 112
cfl=(2)
cfn=(49)
calls=1 0 0
223 119

fl=(2)
fn=(51) php::print_r
52 148

fl=(2)
fn=(51)
52 77

fl=(2)
fn=(51)
52 73

fl=(2)
fn=(51)
52 83

fl=(2)
fn=(51)
52 75

fl=(2)
fn=(51)
52 75

fl=(2)
fn=(51)
52 72

fl=(2)
fn=(51)
52 80

fl=(2)
fn=(51)
52 77

fl=(2)
fn=(51)
52 73

fl=(2)
fn=(51)
52 74

fl=(2)
fn=(51)
52 77

fl=(2)
fn=(51)
52 77

fl=(2)
fn=(51)
52 73

fl=(2)
fn=(51)
52 72

fl=(2)
fn=(51)
52 74

fl=(2)
fn=(51)
52 77

fl=(2)
fn=(51)
52 74

fl=(2)
fn=(51)
52 74

fl=(2)
fn=(51)
52 74

fl=(2)
fn=(51)
52 78

fl=(2)
fn=(51)
52 76

fl=(2)
fn=(51)
52 77

fl=(2)
fn=(51)
52 80

fl=(2)
fn=(51)
52 77

fl=(2)
fn=(51)
52 73

fl=(2)
fn=(51)
52 73

fl=(2)
fn=(51)
52 78

fl=(2)
fn=(51)
52 77

fl=(2)
fn=(51)
52 75

fl=(2)
fn=(51)
52 74

fl=(2)
fn=(51)
52 77

fl=(2)
fn=(51)
52 77

fl=(2)
fn=(51)
52 74

fl=(2)
fn=(51)
52 73

fl=(2)
fn=(51)
52 76

fl=(2)
fn=(51)
52 77

fl=(2)
fn=(51)
52 75

fl=(2)
fn=(51)
52 74

fl=(2)
fn=(51)
52 75

fl=(2)
fn=(51)
52 78

fl=(2)
fn=(51)
52 75

fl=(2)
fn=(51)
52 73

fl=(2)
fn=(51)
52 77

fl=(2)
fn=(51)
52 78

fl=(2)
fn=(51)
52 73

fl=(2)
fn=(51)
52 175

fl=(2)
fn=(51)
52 77

fl=(2)
fn=(51)
52 78

fl=(2)
fn=(51)
52 68

fl=(2)
fn=(51)
52 70

fl=(2)
fn=(51)
52 65

fl=(2)
fn=(51)
52 50

fl=(2)
fn=(51)
52 51

fl=(2)
fn=(51)
52 51

fl=(2)
fn=(51)
52 50

fl=(2)
fn=(51)
52 53

fl=(2)
fn=(51)
52 50

fl=(2)
fn=(51)
52 51

fl=(2)
fn=(51)
52 56

fl=(2)
fn=(51)
52 64

fl=(2)
fn=(51)
52 62

fl=(2)
fn=(51)
52 61

fl=(2)
fn=(51)
52 56

fl=(2)
fn=(51)
52 119

fl=(2)
fn=(51)
52 110

fl=(2)
fn=(51)
52 116

fl=(2)
fn=(51)
52 102

fl=(2)
fn=(51)
52 87

fl=(2)
fn=(51)
52 120

fl=(2)
fn=(51)
52 195

fl=(2)
fn=(51)
52 127

fl=(2)
fn=(51)
52 123

fl=(2)
fn=(51)
52 106

fl=(2)
fn=(51)
52 71

fl=(2)
fn=(51)
52 71

fl=(2)
fn=(51)
52 61

fl=(2)
fn=(51)
52 72

fl=(2)
fn=(51)
52 62

fl=(2)
fn=(51)
52 65

fl=(2)
fn=(51)
52 66

fl=(2)
fn=(51)
52 66

fl=(2)
fn=(51)
52 128

fl=(2)
fn=(51)
52 99

fl=(2)
fn=(51)
52 69

fl=(2)
fn=(51)
52 177

fl=(2)
fn=(51)
52 75

fl=(2)
fn=(51)
52 66

fl=(2)
fn=(51)
52 63

fl=(2)
fn=(51)
52 70

fl=(2)
fn=(51)
52 2394

fl=(2)
fn=(51)
52 24

fl=(2)
fn=(51)
52 8

fl=(2)
fn=(51)
52 9

fl=(2)
fn=(51)
52 9

fl=(2)
fn=(51)
52 7

fl=(2)
fn=(51)
52 6

fl=(2)
fn=(51)
52 8

fl=(2)
fn=(51)
52 8

fl=(2)
fn=(51)
52 7

fl=(2)
fn=(51)
52 8

fl=(13) /var/www/html/sameas-lite/profile/QuerySymbol.php
fn=(52) {main}

summary: 58866

1 9298
cfl=(11)
cfn=(30)
calls=1 0 0
39 17175
cfl=(2)
cfn=(5)
calls=1 0 0
48 18174
cfl=(12)
cfn=(42)
calls=1 0 0
48 451
cfl=(12)
cfn=(50)
calls=1 0 0
49 4010
cfl=(2)
cfn=(51)
calls=1 0 0
52 148
cfl=(2)
cfn=(51)
calls=1 0 0
52 77
cfl=(2)
cfn=(51)
calls=1 0 0
52 73
cfl=(2)
cfn=(51)
calls=1 0 0
52 83
cfl=(2)
cfn=(51)
calls=1 0 0
52 75
cfl=(2)
cfn=(51)
calls=1 0 0
52 75
cfl=(2)
cfn=(51)
calls=1 0 0
52 72
cfl=(2)
cfn=(51)
calls=1 0 0
52 80
cfl=(2)
cfn=(51)
calls=1 0 0
52 77
cfl=(2)
cfn=(51)
calls=1 0 0
52 73
cfl=(2)
cfn=(51)
calls=1 0 0
52 74
cfl=(2)
cfn=(51)
calls=1 0 0
52 77
cfl=(2)
cfn=(51)
calls=1 0 0
52 77
cfl=(2)
cfn=(51)
calls=1 0 0
52 73
cfl=(2)
cfn=(51)
calls=1 0 0
52 72
cfl=(2)
cfn=(51)
calls=1 0 0
52 74
cfl=(2)
cfn=(51)
calls=1 0 0
52 77
cfl=(2)
cfn=(51)
calls=1 0 0
52 74
cfl=(2)
cfn=(51)
calls=1 0 0
52 74
cfl=(2)
cfn=(51)
calls=1 0 0
52 74
cfl=(2)
cfn=(51)
calls=1 0 0
52 78
cfl=(2)
cfn=(51)
calls=1 0 0
52 76
cfl=(2)
cfn=(51)
calls=1 0 0
52 77
cfl=(2)
cfn=(51)
calls=1 0 0
52 80
cfl=(2)
cfn=(51)
calls=1 0 0
52 77
cfl=(2)
cfn=(51)
calls=1 0 0
52 73
cfl=(2)
cfn=(51)
calls=1 0 0
52 73
cfl=(2)
cfn=(51)
calls=1 0 0
52 78
cfl=(2)
cfn=(51)
calls=1 0 0
52 77
cfl=(2)
cfn=(51)
calls=1 0 0
52 75
cfl=(2)
cfn=(51)
calls=1 0 0
52 74
cfl=(2)
cfn=(51)
calls=1 0 0
52 77
cfl=(2)
cfn=(51)
calls=1 0 0
52 77
cfl=(2)
cfn=(51)
calls=1 0 0
52 74
cfl=(2)
cfn=(51)
calls=1 0 0
52 73
cfl=(2)
cfn=(51)
calls=1 0 0
52 76
cfl=(2)
cfn=(51)
calls=1 0 0
52 77
cfl=(2)
cfn=(51)
calls=1 0 0
52 75
cfl=(2)
cfn=(51)
calls=1 0 0
52 74
cfl=(2)
cfn=(51)
calls=1 0 0
52 75
cfl=(2)
cfn=(51)
calls=1 0 0
52 78
cfl=(2)
cfn=(51)
calls=1 0 0
52 75
cfl=(2)
cfn=(51)
calls=1 0 0
52 73
cfl=(2)
cfn=(51)
calls=1 0 0
52 77
cfl=(2)
cfn=(51)
calls=1 0 0
52 78
cfl=(2)
cfn=(51)
calls=1 0 0
52 73
cfl=(2)
cfn=(51)
calls=1 0 0
52 175
cfl=(2)
cfn=(51)
calls=1 0 0
52 77
cfl=(2)
cfn=(51)
calls=1 0 0
52 78
cfl=(2)
cfn=(51)
calls=1 0 0
52 68
cfl=(2)
cfn=(51)
calls=1 0 0
52 70
cfl=(2)
cfn=(51)
calls=1 0 0
52 65
cfl=(2)
cfn=(51)
calls=1 0 0
52 50
cfl=(2)
cfn=(51)
calls=1 0 0
52 51
cfl=(2)
cfn=(51)
calls=1 0 0
52 51
cfl=(2)
cfn=(51)
calls=1 0 0
52 50
cfl=(2)
cfn=(51)
calls=1 0 0
52 53
cfl=(2)
cfn=(51)
calls=1 0 0
52 50
cfl=(2)
cfn=(51)
calls=1 0 0
52 51
cfl=(2)
cfn=(51)
calls=1 0 0
52 56
cfl=(2)
cfn=(51)
calls=1 0 0
52 64
cfl=(2)
cfn=(51)
calls=1 0 0
52 62
cfl=(2)
cfn=(51)
calls=1 0 0
52 61
cfl=(2)
cfn=(51)
calls=1 0 0
52 56
cfl=(2)
cfn=(51)
calls=1 0 0
52 119
cfl=(2)
cfn=(51)
calls=1 0 0
52 110
cfl=(2)
cfn=(51)
calls=1 0 0
52 116
cfl=(2)
cfn=(51)
calls=1 0 0
52 102
cfl=(2)
cfn=(51)
calls=1 0 0
52 87
cfl=(2)
cfn=(51)
calls=1 0 0
52 120
cfl=(2)
cfn=(51)
calls=1 0 0
52 195
cfl=(2)
cfn=(51)
calls=1 0 0
52 127
cfl=(2)
cfn=(51)
calls=1 0 0
52 123
cfl=(2)
cfn=(51)
calls=1 0 0
52 106
cfl=(2)
cfn=(51)
calls=1 0 0
52 71
cfl=(2)
cfn=(51)
calls=1 0 0
52 71
cfl=(2)
cfn=(51)
calls=1 0 0
52 61
cfl=(2)
cfn=(51)
calls=1 0 0
52 72
cfl=(2)
cfn=(51)
calls=1 0 0
52 62
cfl=(2)
cfn=(51)
calls=1 0 0
52 65
cfl=(2)
cfn=(51)
calls=1 0 0
52 66
cfl=(2)
cfn=(51)
calls=1 0 0
52 66
cfl=(2)
cfn=(51)
calls=1 0 0
52 128
cfl=(2)
cfn=(51)
calls=1 0 0
52 99
cfl=(2)
cfn=(51)
calls=1 0 0
52 69
cfl=(2)
cfn=(51)
calls=1 0 0
52 177
cfl=(2)
cfn=(51)
calls=1 0 0
52 75
cfl=(2)
cfn=(51)
calls=1 0 0
52 66
cfl=(2)
cfn=(51)
calls=1 0 0
52 63
cfl=(2)
cfn=(51)
calls=1 0 0
52 70
cfl=(2)
cfn=(51)
calls=1 0 0
52 2394
cfl=(2)
cfn=(51)
calls=1 0 0
52 24
cfl=(2)
cfn=(51)
calls=1 0 0
52 8
cfl=(2)
cfn=(51)
calls=1 0 0
52 9
cfl=(2)
cfn=(51)
calls=1 0 0
52 9
cfl=(2)
cfn=(51)
calls=1 0 0
52 7
cfl=(2)
cfn=(51)
calls=1 0 0
52 6
cfl=(2)
cfn=(51)
calls=1 0 0
52 8
cfl=(2)
cfn=(51)
calls=1 0 0
52 8
cfl=(2)
cfn=(51)
calls=1 0 0
52 7
cfl=(2)
cfn=(51)
calls=1 0 0
52 8

fl=(12)
fn=(53) SameAsLite\Store->__destruct
193 177

