version: 1
creator: xdebug 2.3.2
cmd: /var/www/html/sameas-lite/profile/QuerySymbol.php
part: 1
positions: line

events: Time

fl=(1) /var/www/html/sameas-lite/vendor/composer/autoload_real.php
fn=(1) require_once::/var/www/html/sameas-lite/vendor/composer/autoload_real.php
1 1

fl=(2) php:internal
fn=(2) php::spl_autoload_register
22 18

fl=(3) /var/www/html/sameas-lite/vendor/composer/ClassLoader.php
fn=(3) require::/var/www/html/sameas-lite/vendor/composer/ClassLoader.php
1 0

fl=(1)
fn=(4) ComposerAutoloaderInit8c21d59468a1b346516972e73914d46d::loadClassLoader
9 381
cfl=(3)
cfn=(3)
calls=1 0 0
12 0

fl=(2)
fn=(5) php::spl_autoload_call
23 19
cfl=(1)
cfn=(4)
calls=1 0 0
23 382

fl=(2)
fn=(6) php::spl_autoload_unregister
24 0

fl=(2)
fn=(7) php::dirname
5 3

fl=(2)
fn=(7)
5 0

fl=(2)
fn=(7)
6 0

fl=(4) /var/www/html/sameas-lite/vendor/composer/include_paths.php
fn=(8) require::/var/www/html/sameas-lite/vendor/composer/include_paths.php
1 44
cfl=(2)
cfn=(7)
calls=1 0 0
5 3
cfl=(2)
cfn=(7)
calls=1 0 0
5 0
cfl=(2)
cfn=(7)
calls=1 0 0
6 0

fl=(2)
fn=(9) php::get_include_path
27 1

fl=(2)
fn=(10) php::array_push
27 3

fl=(2)
fn=(11) php::join
28 2

fl=(2)
fn=(12) php::set_include_path
28 1

fl=(2)
fn=(7)
5 0

fl=(2)
fn=(7)
5 0

fl=(2)
fn=(7)
6 0

fl=(5) /var/www/html/sameas-lite/vendor/composer/autoload_namespaces.php
fn=(13) require::/var/www/html/sameas-lite/vendor/composer/autoload_namespaces.php
1 56
cfl=(2)
cfn=(7)
calls=1 0 0
5 0
cfl=(2)
cfn=(7)
calls=1 0 0
5 0
cfl=(2)
cfn=(7)
calls=1 0 0
6 0

fl=(3)
fn=(14) Composer\Autoload\ClassLoader->set
200 20

fl=(3)
fn=(14)
200 2

fl=(3)
fn=(14)
200 0

fl=(3)
fn=(14)
200 0

fl=(3)
fn=(14)
200 0

fl=(3)
fn=(14)
200 0

fl=(3)
fn=(14)
200 0

fl=(3)
fn=(14)
200 0

fl=(3)
fn=(14)
200 0

fl=(3)
fn=(14)
200 0

fl=(3)
fn=(14)
200 0

fl=(3)
fn=(14)
200 0

fl=(3)
fn=(14)
200 0

fl=(3)
fn=(14)
200 0

fl=(3)
fn=(14)
200 0

fl=(3)
fn=(14)
200 0

fl=(3)
fn=(14)
200 1

fl=(3)
fn=(14)
200 1

fl=(3)
fn=(14)
200 0

fl=(3)
fn=(14)
200 0

fl=(3)
fn=(14)
200 0

fl=(3)
fn=(14)
200 0

fl=(3)
fn=(14)
200 0

fl=(3)
fn=(14)
200 0

fl=(3)
fn=(14)
200 0

fl=(3)
fn=(14)
200 0

fl=(3)
fn=(14)
200 2

fl=(3)
fn=(14)
200 0

fl=(3)
fn=(14)
200 0

fl=(3)
fn=(14)
200 0

fl=(3)
fn=(14)
200 0

fl=(3)
fn=(14)
200 0

fl=(3)
fn=(14)
200 0

fl=(3)
fn=(14)
200 2

fl=(3)
fn=(14)
200 1

fl=(3)
fn=(14)
200 1

fl=(3)
fn=(14)
200 0

fl=(3)
fn=(14)
200 0

fl=(3)
fn=(14)
200 0

fl=(3)
fn=(14)
200 1

fl=(2)
fn=(7)
5 1

fl=(2)
fn=(7)
5 0

fl=(2)
fn=(7)
6 0

fl=(6) /var/www/html/sameas-lite/vendor/composer/autoload_psr4.php
fn=(15) require::/var/www/html/sameas-lite/vendor/composer/autoload_psr4.php
1 49
cfl=(2)
cfn=(7)
calls=1 0 0
5 1
cfl=(2)
cfn=(7)
calls=1 0 0
5 0
cfl=(2)
cfn=(7)
calls=1 0 0
6 0

fl=(2)
fn=(16) php::strlen
223 0

fl=(3)
fn=(17) Composer\Autoload\ClassLoader->setPsr4
218 18
cfl=(2)
cfn=(16)
calls=1 0 0
223 0

fl=(2)
fn=(16)
223 0

fl=(3)
fn=(17)
218 11
cfl=(2)
cfn=(16)
calls=1 0 0
223 0

fl=(2)
fn=(16)
223 0

fl=(3)
fn=(17)
218 10
cfl=(2)
cfn=(16)
calls=1 0 0
223 0

fl=(2)
fn=(16)
223 0

fl=(3)
fn=(17)
218 10
cfl=(2)
cfn=(16)
calls=1 0 0
223 0

fl=(2)
fn=(16)
223 0

fl=(3)
fn=(17)
218 10
cfl=(2)
cfn=(16)
calls=1 0 0
223 0

fl=(2)
fn=(16)
223 0

fl=(3)
fn=(17)
218 10
cfl=(2)
cfn=(16)
calls=1 0 0
223 0

fl=(2)
fn=(16)
223 0

fl=(3)
fn=(17)
218 9
cfl=(2)
cfn=(16)
calls=1 0 0
223 0

fl=(2)
fn=(16)
223 0

fl=(3)
fn=(17)
218 10
cfl=(2)
cfn=(16)
calls=1 0 0
223 0

fl=(2)
fn=(16)
223 0

fl=(3)
fn=(17)
218 10
cfl=(2)
cfn=(16)
calls=1 0 0
223 0

fl=(2)
fn=(16)
223 0

fl=(3)
fn=(17)
218 12
cfl=(2)
cfn=(16)
calls=1 0 0
223 0

fl=(2)
fn=(16)
223 0

fl=(3)
fn=(17)
218 10
cfl=(2)
cfn=(16)
calls=1 0 0
223 0

fl=(2)
fn=(16)
223 0

fl=(3)
fn=(17)
218 9
cfl=(2)
cfn=(16)
calls=1 0 0
223 0

fl=(2)
fn=(16)
223 0

fl=(3)
fn=(17)
218 9
cfl=(2)
cfn=(16)
calls=1 0 0
223 0

fl=(2)
fn=(16)
223 0

fl=(3)
fn=(17)
218 10
cfl=(2)
cfn=(16)
calls=1 0 0
223 0

fl=(2)
fn=(16)
223 0

fl=(3)
fn=(17)
218 10
cfl=(2)
cfn=(16)
calls=1 0 0
223 0

fl=(2)
fn=(16)
223 0

fl=(3)
fn=(17)
218 9
cfl=(2)
cfn=(16)
calls=1 0 0
223 0

fl=(2)
fn=(16)
223 0

fl=(3)
fn=(17)
218 10
cfl=(2)
cfn=(16)
calls=1 0 0
223 0

fl=(2)
fn=(7)
5 0

fl=(2)
fn=(7)
5 0

fl=(2)
fn=(7)
6 0

fl=(7) /var/www/html/sameas-lite/vendor/composer/autoload_classmap.php
fn=(18) require::/var/www/html/sameas-lite/vendor/composer/autoload_classmap.php
1 392
cfl=(2)
cfn=(7)
calls=1 0 0
5 0
cfl=(2)
cfn=(7)
calls=1 0 0
5 0
cfl=(2)
cfn=(7)
calls=1 0 0
6 0

fl=(3)
fn=(19) Composer\Autoload\ClassLoader->addClassMap
91 11

fl=(2)
fn=(2)
281 4

fl=(3)
fn=(20) Composer\Autoload\ClassLoader->register
279 14
cfl=(2)
cfn=(2)
calls=1 0 0
281 4

fl=(2)
fn=(7)
5 1

fl=(2)
fn=(7)
5 0

fl=(2)
fn=(7)
6 0

fl=(8) /var/www/html/sameas-lite/vendor/composer/autoload_files.php
fn=(21) require::/var/www/html/sameas-lite/vendor/composer/autoload_files.php
1 36
cfl=(2)
cfn=(7)
calls=1 0 0
5 1
cfl=(2)
cfn=(7)
calls=1 0 0
5 0
cfl=(2)
cfn=(7)
calls=1 0 0
6 0

fl=(2)
fn=(22) php::defined
3 4

fl=(2)
fn=(23) php::phpversion
10 0

fl=(2)
fn=(24) php::version_compare
10 4

fl=(2)
fn=(25) php::define
10 0

fl=(9) /var/www/html/sameas-lite/vendor/herrera-io/json/src/lib/json_version.php
fn=(26) require::/var/www/html/sameas-lite/vendor/herrera-io/json/src/lib/json_version.php
1 51
cfl=(2)
cfn=(22)
calls=1 0 0
3 4
cfl=(2)
cfn=(23)
calls=1 0 0
10 0
cfl=(2)
cfn=(24)
calls=1 0 0
10 4
cfl=(2)
cfn=(25)
calls=1 0 0
10 0

fl=(1)
fn=(27) composerRequire8c21d59468a1b346516972e73914d46d
56 82
cfl=(9)
cfn=(26)
calls=1 0 0
58 61

fl=(2)
fn=(22)
3 2

fl=(2)
fn=(25)
10 0

fl=(10) /var/www/html/sameas-lite/vendor/herrera-io/phar-update/src/lib/constants.php
fn=(28) require::/var/www/html/sameas-lite/vendor/herrera-io/phar-update/src/lib/constants.php
1 25
cfl=(2)
cfn=(22)
calls=1 0 0
3 2
cfl=(2)
cfn=(25)
calls=1 0 0
10 0

fl=(1)
fn=(27)
56 62
cfl=(10)
cfn=(28)
calls=1 0 0
58 28

fl=(1)
fn=(29) ComposerAutoloaderInit8c21d59468a1b346516972e73914d46d::getLoader
16 3326
cfl=(2)
cfn=(2)
calls=1 0 0
22 18
cfl=(2)
cfn=(5)
calls=1 0 0
23 402
cfl=(2)
cfn=(6)
calls=1 0 0
24 0
cfl=(4)
cfn=(8)
calls=1 0 0
26 47
cfl=(2)
cfn=(9)
calls=1 0 0
27 1
cfl=(2)
cfn=(10)
calls=1 0 0
27 3
cfl=(2)
cfn=(11)
calls=1 0 0
28 2
cfl=(2)
cfn=(12)
calls=1 0 0
28 1
cfl=(5)
cfn=(13)
calls=1 0 0
30 58
cfl=(3)
cfn=(14)
calls=1 0 0
32 20
cfl=(3)
cfn=(14)
calls=1 0 0
32 2
cfl=(3)
cfn=(14)
calls=1 0 0
32 0
cfl=(3)
cfn=(14)
calls=1 0 0
32 0
cfl=(3)
cfn=(14)
calls=1 0 0
32 0
cfl=(3)
cfn=(14)
calls=1 0 0
32 0
cfl=(3)
cfn=(14)
calls=1 0 0
32 0
cfl=(3)
cfn=(14)
calls=1 0 0
32 0
cfl=(3)
cfn=(14)
calls=1 0 0
32 0
cfl=(3)
cfn=(14)
calls=1 0 0
32 0
cfl=(3)
cfn=(14)
calls=1 0 0
32 0
cfl=(3)
cfn=(14)
calls=1 0 0
32 0
cfl=(3)
cfn=(14)
calls=1 0 0
32 0
cfl=(3)
cfn=(14)
calls=1 0 0
32 0
cfl=(3)
cfn=(14)
calls=1 0 0
32 0
cfl=(3)
cfn=(14)
calls=1 0 0
32 0
cfl=(3)
cfn=(14)
calls=1 0 0
32 1
cfl=(3)
cfn=(14)
calls=1 0 0
32 1
cfl=(3)
cfn=(14)
calls=1 0 0
32 0
cfl=(3)
cfn=(14)
calls=1 0 0
32 0
cfl=(3)
cfn=(14)
calls=1 0 0
32 0
cfl=(3)
cfn=(14)
calls=1 0 0
32 0
cfl=(3)
cfn=(14)
calls=1 0 0
32 0
cfl=(3)
cfn=(14)
calls=1 0 0
32 0
cfl=(3)
cfn=(14)
calls=1 0 0
32 0
cfl=(3)
cfn=(14)
calls=1 0 0
32 0
cfl=(3)
cfn=(14)
calls=1 0 0
32 2
cfl=(3)
cfn=(14)
calls=1 0 0
32 0
cfl=(3)
cfn=(14)
calls=1 0 0
32 0
cfl=(3)
cfn=(14)
calls=1 0 0
32 0
cfl=(3)
cfn=(14)
calls=1 0 0
32 0
cfl=(3)
cfn=(14)
calls=1 0 0
32 0
cfl=(3)
cfn=(14)
calls=1 0 0
32 0
cfl=(3)
cfn=(14)
calls=1 0 0
32 2
cfl=(3)
cfn=(14)
calls=1 0 0
32 1
cfl=(3)
cfn=(14)
calls=1 0 0
32 1
cfl=(3)
cfn=(14)
calls=1 0 0
32 0
cfl=(3)
cfn=(14)
calls=1 0 0
32 0
cfl=(3)
cfn=(14)
calls=1 0 0
32 0
cfl=(3)
cfn=(14)
calls=1 0 0
32 1
cfl=(6)
cfn=(15)
calls=1 0 0
35 51
cfl=(3)
cfn=(17)
calls=1 0 0
37 19
cfl=(3)
cfn=(17)
calls=1 0 0
37 11
cfl=(3)
cfn=(17)
calls=1 0 0
37 10
cfl=(3)
cfn=(17)
calls=1 0 0
37 10
cfl=(3)
cfn=(17)
calls=1 0 0
37 10
cfl=(3)
cfn=(17)
calls=1 0 0
37 10
cfl=(3)
cfn=(17)
calls=1 0 0
37 10
cfl=(3)
cfn=(17)
calls=1 0 0
37 10
cfl=(3)
cfn=(17)
calls=1 0 0
37 10
cfl=(3)
cfn=(17)
calls=1 0 0
37 12
cfl=(3)
cfn=(17)
calls=1 0 0
37 10
cfl=(3)
cfn=(17)
calls=1 0 0
37 10
cfl=(3)
cfn=(17)
calls=1 0 0
37 10
cfl=(3)
cfn=(17)
calls=1 0 0
37 10
cfl=(3)
cfn=(17)
calls=1 0 0
37 10
cfl=(3)
cfn=(17)
calls=1 0 0
37 10
cfl=(3)
cfn=(17)
calls=1 0 0
37 10
cfl=(7)
cfn=(18)
calls=1 0 0
40 393
cfl=(3)
cfn=(19)
calls=1 0 0
42 11
cfl=(3)
cfn=(20)
calls=1 0 0
45 18
cfl=(8)
cfn=(21)
calls=1 0 0
47 38
cfl=(1)
cfn=(27)
calls=1 0 0
49 144
cfl=(1)
cfn=(27)
calls=1 0 0
49 91

fl=(11) /var/www/html/sameas-lite/vendor/autoload.php
fn=(30) require_once::/var/www/html/sameas-lite/vendor/autoload.php
1 720
cfl=(1)
cfn=(1)
calls=1 0 0
5 1
cfl=(1)
cfn=(29)
calls=1 0 0
7 4858

fl=(12) /var/www/html/sameas-lite/profile/MySqlQuerySymbolTimer.php
fn=(31) require_once::/var/www/html/sameas-lite/profile/MySqlQuerySymbolTimer.php
1 1

fl=(2)
fn=(32) php::count
53 5

fl=(12)
fn=(33) SameAsLite\MySqlQuerySymbolTimer->__construct
59 3

fl=(12)
fn=(34) SameAsLite\MySqlQuerySymbolTimer->setDataFile
73 0

fl=(2)
fn=(35) php::microtime
92 1

fl=(2)
fn=(36) php::strtr
347 2

fl=(2)
fn=(37) php::strpos
352 1

fl=(2)
fn=(37)
352 0

fl=(2)
fn=(37)
352 0

fl=(2)
fn=(37)
352 0

fl=(2)
fn=(38) php::substr
354 2

fl=(2)
fn=(39) php::file_exists
354 10

fl=(3)
fn=(40) Composer\Autoload\ClassLoader->findFileWithExtension
344 87
cfl=(2)
cfn=(36)
calls=1 0 0
347 2
cfl=(2)
cfn=(37)
calls=1 0 0
352 1
cfl=(2)
cfn=(37)
calls=1 0 0
352 0
cfl=(2)
cfn=(37)
calls=1 0 0
352 0
cfl=(2)
cfn=(37)
calls=1 0 0
352 0
cfl=(2)
cfn=(38)
calls=1 0 0
354 2
cfl=(2)
cfn=(39)
calls=1 0 0
354 10

fl=(3)
fn=(41) Composer\Autoload\ClassLoader->findFile
314 65
cfl=(3)
cfn=(40)
calls=1 0 0
329 105

fl=(13) /var/www/html/sameas-lite/src/Store.php
fn=(42) include::/var/www/html/sameas-lite/src/Store.php
1 2

fl=(3)
fn=(43) Composer\Autoload\includeFile
410 914
cfl=(13)
cfn=(42)
calls=1 0 0
412 2

fl=(3)
fn=(44) Composer\Autoload\ClassLoader->loadClass
298 36
cfl=(3)
cfn=(41)
calls=1 0 0
300 170
cfl=(3)
cfn=(43)
calls=1 0 0
301 916

fl=(2)
fn=(5)
93 21
cfl=(3)
cfn=(44)
calls=1 0 0
93 1124

fl=(2)
fn=(37)
85 0

fl=(2)
fn=(38)
86 0

fl=(2)
fn=(45) php::in_array
93 3

fl=(2)
fn=(46) php::preg_match
113 62

fl=(13)
fn=(47) SameAsLite\Store->__construct
81 64
cfl=(2)
cfn=(37)
calls=1 0 0
85 0
cfl=(2)
cfn=(38)
calls=1 0 0
86 0
cfl=(2)
cfn=(45)
calls=1 0 0
93 3
cfl=(2)
cfn=(46)
calls=1 0 0
113 62

fl=(2)
fn=(48) php::PDO->__construct
141 4719

fl=(2)
fn=(49) php::PDO->setAttribute
150 2

fl=(2)
fn=(50) php::PDO->exec
155 84

fl=(2)
fn=(50)
177 171

fl=(13)
fn=(51) SameAsLite\Store->connect
131 147
cfl=(2)
cfn=(48)
calls=1 0 0
141 4719
cfl=(2)
cfn=(49)
calls=1 0 0
150 2
cfl=(2)
cfn=(50)
calls=1 0 0
155 84
cfl=(2)
cfn=(50)
calls=1 0 0
177 171

fl=(2)
fn=(52) php::PDO->prepare
221 7

fl=(2)
fn=(53) php::PDOStatement->execute
222 87

fl=(2)
fn=(54) php::PDOStatement->fetchAll
223 62

fl=(13)
fn=(55) SameAsLite\Store->querySymbol
209 149
cfl=(13)
cfn=(51)
calls=1 0 0
213 5125
cfl=(2)
cfn=(52)
calls=1 0 0
221 7
cfl=(2)
cfn=(53)
calls=1 0 0
222 87
cfl=(2)
cfn=(54)
calls=1 0 0
223 62

fl=(2)
fn=(35)
96 1

fl=(2)
fn=(32)
98 0

fl=(2)
fn=(56) php::file_put_contents
110 73

fl=(2)
fn=(56)
110 12

fl=(2)
fn=(56)
110 8

fl=(2)
fn=(56)
110 8

fl=(2)
fn=(56)
110 6

fl=(2)
fn=(56)
110 7

fl=(2)
fn=(56)
110 6

fl=(2)
fn=(56)
110 7

fl=(2)
fn=(56)
110 6

fl=(2)
fn=(56)
110 7

fl=(2)
fn=(56)
110 6

fl=(2)
fn=(56)
110 7

fl=(2)
fn=(56)
110 6

fl=(2)
fn=(56)
110 7

fl=(2)
fn=(56)
110 6

fl=(2)
fn=(56)
110 7

fl=(2)
fn=(56)
110 6

fl=(2)
fn=(56)
110 7

fl=(2)
fn=(56)
110 7

fl=(2)
fn=(56)
110 7

fl=(2)
fn=(56)
110 7

fl=(2)
fn=(56)
110 8

fl=(2)
fn=(56)
110 7

fl=(2)
fn=(56)
110 8

fl=(2)
fn=(56)
110 6

fl=(2)
fn=(56)
110 8

fl=(2)
fn=(56)
110 7

fl=(2)
fn=(56)
110 6

fl=(2)
fn=(56)
110 8

fl=(2)
fn=(56)
110 6

fl=(2)
fn=(56)
110 6

fl=(2)
fn=(56)
110 6

fl=(2)
fn=(56)
110 6

fl=(2)
fn=(56)
110 6

fl=(2)
fn=(56)
110 7

fl=(2)
fn=(56)
110 8

fl=(2)
fn=(56)
110 7

fl=(2)
fn=(56)
110 7

fl=(2)
fn=(56)
110 6

fl=(2)
fn=(56)
110 8

fl=(2)
fn=(56)
110 6

fl=(2)
fn=(56)
110 7

fl=(2)
fn=(56)
110 6

fl=(2)
fn=(56)
110 7

fl=(2)
fn=(56)
110 7

fl=(2)
fn=(56)
110 8

fl=(2)
fn=(56)
110 6

fl=(2)
fn=(56)
110 6

fl=(2)
fn=(56)
110 6

fl=(2)
fn=(56)
110 7

fl=(2)
fn=(56)
110 7

fl=(2)
fn=(56)
110 6

fl=(2)
fn=(56)
110 7

fl=(2)
fn=(56)
110 8

fl=(2)
fn=(56)
110 8

fl=(2)
fn=(56)
110 7

fl=(2)
fn=(56)
110 12

fl=(2)
fn=(56)
110 8

fl=(2)
fn=(56)
110 7

fl=(2)
fn=(56)
110 7

fl=(2)
fn=(56)
110 8

fl=(2)
fn=(56)
110 7

fl=(2)
fn=(56)
110 7

fl=(2)
fn=(56)
110 6

fl=(2)
fn=(56)
110 7

fl=(2)
fn=(56)
110 6

fl=(2)
fn=(56)
110 8

fl=(2)
fn=(56)
110 6

fl=(2)
fn=(56)
110 6

fl=(2)
fn=(56)
110 8

fl=(2)
fn=(56)
110 7

fl=(2)
fn=(56)
110 7

fl=(2)
fn=(56)
110 6

fl=(2)
fn=(56)
110 7

fl=(2)
fn=(56)
110 6

fl=(2)
fn=(56)
110 7

fl=(2)
fn=(56)
110 6

fl=(2)
fn=(56)
110 7

fl=(2)
fn=(56)
110 6

fl=(2)
fn=(56)
110 7

fl=(2)
fn=(56)
110 6

fl=(2)
fn=(56)
110 8

fl=(2)
fn=(56)
110 6

fl=(2)
fn=(56)
110 7

fl=(2)
fn=(56)
110 6

fl=(2)
fn=(56)
110 7

fl=(2)
fn=(56)
110 6

fl=(2)
fn=(56)
110 7

fl=(2)
fn=(56)
110 6

fl=(2)
fn=(56)
110 7

fl=(2)
fn=(56)
110 7

fl=(2)
fn=(56)
110 8

fl=(2)
fn=(56)
110 7

fl=(2)
fn=(56)
110 8

fl=(2)
fn=(56)
110 6

fl=(2)
fn=(56)
110 7

fl=(2)
fn=(56)
110 6

fl=(2)
fn=(56)
110 7

fl=(2)
fn=(56)
110 6

fl=(2)
fn=(56)
110 7

fl=(2)
fn=(56)
110 6

fl=(13)
fn=(57) SameAsLite\Store->__destruct
193 80

fl=(12)
fn=(58) SameAsLite\MySqlQuerySymbolTimer->querySymbol
90 1298
cfl=(2)
cfn=(35)
calls=1 0 0
92 1
cfl=(2)
cfn=(5)
calls=1 0 0
93 1146
cfl=(13)
cfn=(47)
calls=1 0 0
94 130
cfl=(13)
cfn=(55)
calls=1 0 0
95 5433
cfl=(2)
cfn=(35)
calls=1 0 0
96 1
cfl=(2)
cfn=(32)
calls=1 0 0
98 0
cfl=(2)
cfn=(56)
calls=1 0 0
110 73
cfl=(2)
cfn=(56)
calls=1 0 0
110 12
cfl=(2)
cfn=(56)
calls=1 0 0
110 8
cfl=(2)
cfn=(56)
calls=1 0 0
110 8
cfl=(2)
cfn=(56)
calls=1 0 0
110 6
cfl=(2)
cfn=(56)
calls=1 0 0
110 7
cfl=(2)
cfn=(56)
calls=1 0 0
110 6
cfl=(2)
cfn=(56)
calls=1 0 0
110 7
cfl=(2)
cfn=(56)
calls=1 0 0
110 6
cfl=(2)
cfn=(56)
calls=1 0 0
110 7
cfl=(2)
cfn=(56)
calls=1 0 0
110 6
cfl=(2)
cfn=(56)
calls=1 0 0
110 7
cfl=(2)
cfn=(56)
calls=1 0 0
110 6
cfl=(2)
cfn=(56)
calls=1 0 0
110 7
cfl=(2)
cfn=(56)
calls=1 0 0
110 6
cfl=(2)
cfn=(56)
calls=1 0 0
110 7
cfl=(2)
cfn=(56)
calls=1 0 0
110 6
cfl=(2)
cfn=(56)
calls=1 0 0
110 7
cfl=(2)
cfn=(56)
calls=1 0 0
110 7
cfl=(2)
cfn=(56)
calls=1 0 0
110 7
cfl=(2)
cfn=(56)
calls=1 0 0
110 7
cfl=(2)
cfn=(56)
calls=1 0 0
110 8
cfl=(2)
cfn=(56)
calls=1 0 0
110 7
cfl=(2)
cfn=(56)
calls=1 0 0
110 8
cfl=(2)
cfn=(56)
calls=1 0 0
110 6
cfl=(2)
cfn=(56)
calls=1 0 0
110 8
cfl=(2)
cfn=(56)
calls=1 0 0
110 7
cfl=(2)
cfn=(56)
calls=1 0 0
110 6
cfl=(2)
cfn=(56)
calls=1 0 0
110 8
cfl=(2)
cfn=(56)
calls=1 0 0
110 6
cfl=(2)
cfn=(56)
calls=1 0 0
110 6
cfl=(2)
cfn=(56)
calls=1 0 0
110 6
cfl=(2)
cfn=(56)
calls=1 0 0
110 6
cfl=(2)
cfn=(56)
calls=1 0 0
110 6
cfl=(2)
cfn=(56)
calls=1 0 0
110 7
cfl=(2)
cfn=(56)
calls=1 0 0
110 8
cfl=(2)
cfn=(56)
calls=1 0 0
110 7
cfl=(2)
cfn=(56)
calls=1 0 0
110 7
cfl=(2)
cfn=(56)
calls=1 0 0
110 6
cfl=(2)
cfn=(56)
calls=1 0 0
110 8
cfl=(2)
cfn=(56)
calls=1 0 0
110 6
cfl=(2)
cfn=(56)
calls=1 0 0
110 7
cfl=(2)
cfn=(56)
calls=1 0 0
110 6
cfl=(2)
cfn=(56)
calls=1 0 0
110 7
cfl=(2)
cfn=(56)
calls=1 0 0
110 7
cfl=(2)
cfn=(56)
calls=1 0 0
110 8
cfl=(2)
cfn=(56)
calls=1 0 0
110 6
cfl=(2)
cfn=(56)
calls=1 0 0
110 6
cfl=(2)
cfn=(56)
calls=1 0 0
110 6
cfl=(2)
cfn=(56)
calls=1 0 0
110 7
cfl=(2)
cfn=(56)
calls=1 0 0
110 7
cfl=(2)
cfn=(56)
calls=1 0 0
110 6
cfl=(2)
cfn=(56)
calls=1 0 0
110 7
cfl=(2)
cfn=(56)
calls=1 0 0
110 8
cfl=(2)
cfn=(56)
calls=1 0 0
110 8
cfl=(2)
cfn=(56)
calls=1 0 0
110 7
cfl=(2)
cfn=(56)
calls=1 0 0
110 12
cfl=(2)
cfn=(56)
calls=1 0 0
110 8
cfl=(2)
cfn=(56)
calls=1 0 0
110 7
cfl=(2)
cfn=(56)
calls=1 0 0
110 7
cfl=(2)
cfn=(56)
calls=1 0 0
110 8
cfl=(2)
cfn=(56)
calls=1 0 0
110 7
cfl=(2)
cfn=(56)
calls=1 0 0
110 7
cfl=(2)
cfn=(56)
calls=1 0 0
110 6
cfl=(2)
cfn=(56)
calls=1 0 0
110 7
cfl=(2)
cfn=(56)
calls=1 0 0
110 6
cfl=(2)
cfn=(56)
calls=1 0 0
110 8
cfl=(2)
cfn=(56)
calls=1 0 0
110 6
cfl=(2)
cfn=(56)
calls=1 0 0
110 6
cfl=(2)
cfn=(56)
calls=1 0 0
110 8
cfl=(2)
cfn=(56)
calls=1 0 0
110 7
cfl=(2)
cfn=(56)
calls=1 0 0
110 7
cfl=(2)
cfn=(56)
calls=1 0 0
110 6
cfl=(2)
cfn=(56)
calls=1 0 0
110 7
cfl=(2)
cfn=(56)
calls=1 0 0
110 6
cfl=(2)
cfn=(56)
calls=1 0 0
110 7
cfl=(2)
cfn=(56)
calls=1 0 0
110 6
cfl=(2)
cfn=(56)
calls=1 0 0
110 7
cfl=(2)
cfn=(56)
calls=1 0 0
110 6
cfl=(2)
cfn=(56)
calls=1 0 0
110 7
cfl=(2)
cfn=(56)
calls=1 0 0
110 6
cfl=(2)
cfn=(56)
calls=1 0 0
110 8
cfl=(2)
cfn=(56)
calls=1 0 0
110 6
cfl=(2)
cfn=(56)
calls=1 0 0
110 7
cfl=(2)
cfn=(56)
calls=1 0 0
110 6
cfl=(2)
cfn=(56)
calls=1 0 0
110 7
cfl=(2)
cfn=(56)
calls=1 0 0
110 6
cfl=(2)
cfn=(56)
calls=1 0 0
110 7
cfl=(2)
cfn=(56)
calls=1 0 0
110 6
cfl=(2)
cfn=(56)
calls=1 0 0
110 7
cfl=(2)
cfn=(56)
calls=1 0 0
110 7
cfl=(2)
cfn=(56)
calls=1 0 0
110 8
cfl=(2)
cfn=(56)
calls=1 0 0
110 7
cfl=(2)
cfn=(56)
calls=1 0 0
110 8
cfl=(2)
cfn=(56)
calls=1 0 0
110 6
cfl=(2)
cfn=(56)
calls=1 0 0
110 7
cfl=(2)
cfn=(56)
calls=1 0 0
110 6
cfl=(2)
cfn=(56)
calls=1 0 0
110 7
cfl=(2)
cfn=(56)
calls=1 0 0
110 6
cfl=(2)
cfn=(56)
calls=1 0 0
110 7
cfl=(2)
cfn=(56)
calls=1 0 0
110 6
cfl=(13)
cfn=(57)
calls=1 0 0
60 80

fl=(2)
fn=(59) php::printf
61 131

fl=(14) /var/www/html/sameas-lite/profile/QuerySymbol.php
fn=(60) {main}

summary: 15721

1 1089
cfl=(11)
cfn=(30)
calls=1 0 0
42 5579
cfl=(12)
cfn=(31)
calls=1 0 0
43 1
cfl=(2)
cfn=(32)
calls=1 0 0
53 5
cfl=(12)
cfn=(33)
calls=1 0 0
58 3
cfl=(12)
cfn=(34)
calls=1 0 0
59 0
cfl=(12)
cfn=(58)
calls=1 0 0
60 8911
cfl=(2)
cfn=(59)
calls=1 0 0
61 131

