version: 1
creator: xdebug 2.3.2
cmd: /var/www/html/sameas-lite/profile/query_symbol.php
part: 1
positions: line

events: Time

fl=(1) /var/www/html/sameas-lite/vendor/composer/autoload_real.php
fn=(1) require_once::/var/www/html/sameas-lite/vendor/composer/autoload_real.php
1 0

fl=(2) php:internal
fn=(2) php::spl_autoload_register
22 9

fl=(3) /var/www/html/sameas-lite/vendor/composer/ClassLoader.php
fn=(3) require::/var/www/html/sameas-lite/vendor/composer/ClassLoader.php
1 0

fl=(1)
fn=(4) ComposerAutoloaderInit7474cb810949ab2081d1390f4ffd0521::loadClassLoader
9 641
cfl=(3)
cfn=(3)
calls=1 0 0
12 0

fl=(2)
fn=(5) php::spl_autoload_call
23 45
cfl=(1)
cfn=(4)
calls=1 0 0
23 642

fl=(2)
fn=(6) php::spl_autoload_unregister
24 1

fl=(2)
fn=(7) php::dirname
5 3

fl=(2)
fn=(7)
5 0

fl=(2)
fn=(7)
6 0

fl=(4) /var/www/html/sameas-lite/vendor/composer/include_paths.php
fn=(8) require::/var/www/html/sameas-lite/vendor/composer/include_paths.php
1 49
cfl=(2)
cfn=(7)
calls=1 0 0
5 3
cfl=(2)
cfn=(7)
calls=1 0 0
5 0
cfl=(2)
cfn=(7)
calls=1 0 0
6 0

fl=(2)
fn=(9) php::get_include_path
27 0

fl=(2)
fn=(10) php::array_push
27 2

fl=(2)
fn=(11) php::join
28 2

fl=(2)
fn=(12) php::set_include_path
28 1

fl=(2)
fn=(7)
5 0

fl=(2)
fn=(7)
5 0

fl=(2)
fn=(7)
6 0

fl=(5) /var/www/html/sameas-lite/vendor/composer/autoload_namespaces.php
fn=(13) require::/var/www/html/sameas-lite/vendor/composer/autoload_namespaces.php
1 62
cfl=(2)
cfn=(7)
calls=1 0 0
5 0
cfl=(2)
cfn=(7)
calls=1 0 0
5 0
cfl=(2)
cfn=(7)
calls=1 0 0
6 0

fl=(3)
fn=(14) Composer\Autoload\ClassLoader->set
200 20

fl=(3)
fn=(14)
200 2

fl=(3)
fn=(14)
200 0

fl=(3)
fn=(14)
200 0

fl=(3)
fn=(14)
200 0

fl=(3)
fn=(14)
200 0

fl=(3)
fn=(14)
200 0

fl=(3)
fn=(14)
200 1

fl=(3)
fn=(14)
200 1

fl=(3)
fn=(14)
200 0

fl=(3)
fn=(14)
200 0

fl=(3)
fn=(14)
200 0

fl=(3)
fn=(14)
200 1

fl=(3)
fn=(14)
200 0

fl=(3)
fn=(14)
200 0

fl=(3)
fn=(14)
200 0

fl=(3)
fn=(14)
200 0

fl=(3)
fn=(14)
200 0

fl=(3)
fn=(14)
200 0

fl=(3)
fn=(14)
200 0

fl=(3)
fn=(14)
200 1

fl=(3)
fn=(14)
200 0

fl=(3)
fn=(14)
200 0

fl=(3)
fn=(14)
200 0

fl=(3)
fn=(14)
200 118

fl=(3)
fn=(14)
200 1

fl=(3)
fn=(14)
200 1

fl=(3)
fn=(14)
200 1

fl=(3)
fn=(14)
200 0

fl=(3)
fn=(14)
200 0

fl=(3)
fn=(14)
200 0

fl=(3)
fn=(14)
200 5

fl=(3)
fn=(14)
200 0

fl=(3)
fn=(14)
200 0

fl=(3)
fn=(14)
200 0

fl=(3)
fn=(14)
200 0

fl=(3)
fn=(14)
200 0

fl=(3)
fn=(14)
200 0

fl=(3)
fn=(14)
200 0

fl=(3)
fn=(14)
200 1

fl=(2)
fn=(7)
5 0

fl=(2)
fn=(7)
5 0

fl=(2)
fn=(7)
6 0

fl=(6) /var/www/html/sameas-lite/vendor/composer/autoload_psr4.php
fn=(15) require::/var/www/html/sameas-lite/vendor/composer/autoload_psr4.php
1 52
cfl=(2)
cfn=(7)
calls=1 0 0
5 0
cfl=(2)
cfn=(7)
calls=1 0 0
5 0
cfl=(2)
cfn=(7)
calls=1 0 0
6 0

fl=(2)
fn=(16) php::strlen
223 0

fl=(3)
fn=(17) Composer\Autoload\ClassLoader->setPsr4
218 19
cfl=(2)
cfn=(16)
calls=1 0 0
223 0

fl=(2)
fn=(16)
223 0

fl=(3)
fn=(17)
218 13
cfl=(2)
cfn=(16)
calls=1 0 0
223 0

fl=(2)
fn=(16)
223 0

fl=(3)
fn=(17)
218 11
cfl=(2)
cfn=(16)
calls=1 0 0
223 0

fl=(2)
fn=(16)
223 0

fl=(3)
fn=(17)
218 11
cfl=(2)
cfn=(16)
calls=1 0 0
223 0

fl=(2)
fn=(16)
223 0

fl=(3)
fn=(17)
218 11
cfl=(2)
cfn=(16)
calls=1 0 0
223 0

fl=(2)
fn=(16)
223 0

fl=(3)
fn=(17)
218 11
cfl=(2)
cfn=(16)
calls=1 0 0
223 0

fl=(2)
fn=(16)
223 0

fl=(3)
fn=(17)
218 12
cfl=(2)
cfn=(16)
calls=1 0 0
223 0

fl=(2)
fn=(16)
223 0

fl=(3)
fn=(17)
218 10
cfl=(2)
cfn=(16)
calls=1 0 0
223 0

fl=(2)
fn=(16)
223 0

fl=(3)
fn=(17)
218 13
cfl=(2)
cfn=(16)
calls=1 0 0
223 0

fl=(2)
fn=(16)
223 0

fl=(3)
fn=(17)
218 11
cfl=(2)
cfn=(16)
calls=1 0 0
223 0

fl=(2)
fn=(16)
223 0

fl=(3)
fn=(17)
218 10
cfl=(2)
cfn=(16)
calls=1 0 0
223 0

fl=(2)
fn=(16)
223 0

fl=(3)
fn=(17)
218 10
cfl=(2)
cfn=(16)
calls=1 0 0
223 0

fl=(2)
fn=(16)
223 0

fl=(3)
fn=(17)
218 11
cfl=(2)
cfn=(16)
calls=1 0 0
223 0

fl=(2)
fn=(16)
223 0

fl=(3)
fn=(17)
218 11
cfl=(2)
cfn=(16)
calls=1 0 0
223 0

fl=(2)
fn=(16)
223 0

fl=(3)
fn=(17)
218 11
cfl=(2)
cfn=(16)
calls=1 0 0
223 0

fl=(2)
fn=(16)
223 0

fl=(3)
fn=(17)
218 10
cfl=(2)
cfn=(16)
calls=1 0 0
223 0

fl=(2)
fn=(16)
223 0

fl=(3)
fn=(17)
218 12
cfl=(2)
cfn=(16)
calls=1 0 0
223 0

fl=(2)
fn=(7)
5 1

fl=(2)
fn=(7)
5 0

fl=(2)
fn=(7)
6 0

fl=(7) /var/www/html/sameas-lite/vendor/composer/autoload_classmap.php
fn=(18) require::/var/www/html/sameas-lite/vendor/composer/autoload_classmap.php
1 802
cfl=(2)
cfn=(7)
calls=1 0 0
5 1
cfl=(2)
cfn=(7)
calls=1 0 0
5 0
cfl=(2)
cfn=(7)
calls=1 0 0
6 0

fl=(3)
fn=(19) Composer\Autoload\ClassLoader->addClassMap
91 10

fl=(2)
fn=(2)
281 3

fl=(3)
fn=(20) Composer\Autoload\ClassLoader->register
279 16
cfl=(2)
cfn=(2)
calls=1 0 0
281 3

fl=(2)
fn=(7)
5 0

fl=(2)
fn=(7)
5 0

fl=(2)
fn=(7)
6 0

fl=(8) /var/www/html/sameas-lite/vendor/composer/autoload_files.php
fn=(21) require::/var/www/html/sameas-lite/vendor/composer/autoload_files.php
1 42
cfl=(2)
cfn=(7)
calls=1 0 0
5 0
cfl=(2)
cfn=(7)
calls=1 0 0
5 0
cfl=(2)
cfn=(7)
calls=1 0 0
6 0

fl=(2)
fn=(22) php::defined
3 4

fl=(2)
fn=(23) php::phpversion
10 0

fl=(2)
fn=(24) php::version_compare
10 5

fl=(2)
fn=(25) php::define
10 1

fl=(9) /var/www/html/sameas-lite/vendor/herrera-io/json/src/lib/json_version.php
fn=(26) require::/var/www/html/sameas-lite/vendor/herrera-io/json/src/lib/json_version.php
1 56
cfl=(2)
cfn=(22)
calls=1 0 0
3 4
cfl=(2)
cfn=(23)
calls=1 0 0
10 0
cfl=(2)
cfn=(24)
calls=1 0 0
10 5
cfl=(2)
cfn=(25)
calls=1 0 0
10 1

fl=(1)
fn=(27) composerRequire7474cb810949ab2081d1390f4ffd0521
56 92
cfl=(9)
cfn=(26)
calls=1 0 0
58 67

fl=(2)
fn=(22)
3 1

fl=(2)
fn=(25)
10 0

fl=(10) /var/www/html/sameas-lite/vendor/herrera-io/phar-update/src/lib/constants.php
fn=(28) require::/var/www/html/sameas-lite/vendor/herrera-io/phar-update/src/lib/constants.php
1 28
cfl=(2)
cfn=(22)
calls=1 0 0
3 1
cfl=(2)
cfn=(25)
calls=1 0 0
10 0

fl=(1)
fn=(27)
56 70
cfl=(10)
cfn=(28)
calls=1 0 0
58 30

fl=(1)
fn=(29) ComposerAutoloaderInit7474cb810949ab2081d1390f4ffd0521::getLoader
16 4123
cfl=(2)
cfn=(2)
calls=1 0 0
22 9
cfl=(2)
cfn=(5)
calls=1 0 0
23 687
cfl=(2)
cfn=(6)
calls=1 0 0
24 1
cfl=(4)
cfn=(8)
calls=1 0 0
26 52
cfl=(2)
cfn=(9)
calls=1 0 0
27 0
cfl=(2)
cfn=(10)
calls=1 0 0
27 2
cfl=(2)
cfn=(11)
calls=1 0 0
28 2
cfl=(2)
cfn=(12)
calls=1 0 0
28 1
cfl=(5)
cfn=(13)
calls=1 0 0
30 64
cfl=(3)
cfn=(14)
calls=1 0 0
32 20
cfl=(3)
cfn=(14)
calls=1 0 0
32 2
cfl=(3)
cfn=(14)
calls=1 0 0
32 0
cfl=(3)
cfn=(14)
calls=1 0 0
32 0
cfl=(3)
cfn=(14)
calls=1 0 0
32 0
cfl=(3)
cfn=(14)
calls=1 0 0
32 0
cfl=(3)
cfn=(14)
calls=1 0 0
32 0
cfl=(3)
cfn=(14)
calls=1 0 0
32 1
cfl=(3)
cfn=(14)
calls=1 0 0
32 1
cfl=(3)
cfn=(14)
calls=1 0 0
32 0
cfl=(3)
cfn=(14)
calls=1 0 0
32 0
cfl=(3)
cfn=(14)
calls=1 0 0
32 0
cfl=(3)
cfn=(14)
calls=1 0 0
32 1
cfl=(3)
cfn=(14)
calls=1 0 0
32 0
cfl=(3)
cfn=(14)
calls=1 0 0
32 0
cfl=(3)
cfn=(14)
calls=1 0 0
32 0
cfl=(3)
cfn=(14)
calls=1 0 0
32 0
cfl=(3)
cfn=(14)
calls=1 0 0
32 0
cfl=(3)
cfn=(14)
calls=1 0 0
32 0
cfl=(3)
cfn=(14)
calls=1 0 0
32 0
cfl=(3)
cfn=(14)
calls=1 0 0
32 1
cfl=(3)
cfn=(14)
calls=1 0 0
32 0
cfl=(3)
cfn=(14)
calls=1 0 0
32 0
cfl=(3)
cfn=(14)
calls=1 0 0
32 0
cfl=(3)
cfn=(14)
calls=1 0 0
32 118
cfl=(3)
cfn=(14)
calls=1 0 0
32 1
cfl=(3)
cfn=(14)
calls=1 0 0
32 1
cfl=(3)
cfn=(14)
calls=1 0 0
32 1
cfl=(3)
cfn=(14)
calls=1 0 0
32 0
cfl=(3)
cfn=(14)
calls=1 0 0
32 0
cfl=(3)
cfn=(14)
calls=1 0 0
32 0
cfl=(3)
cfn=(14)
calls=1 0 0
32 5
cfl=(3)
cfn=(14)
calls=1 0 0
32 0
cfl=(3)
cfn=(14)
calls=1 0 0
32 0
cfl=(3)
cfn=(14)
calls=1 0 0
32 0
cfl=(3)
cfn=(14)
calls=1 0 0
32 0
cfl=(3)
cfn=(14)
calls=1 0 0
32 0
cfl=(3)
cfn=(14)
calls=1 0 0
32 0
cfl=(3)
cfn=(14)
calls=1 0 0
32 0
cfl=(3)
cfn=(14)
calls=1 0 0
32 1
cfl=(6)
cfn=(15)
calls=1 0 0
35 53
cfl=(3)
cfn=(17)
calls=1 0 0
37 19
cfl=(3)
cfn=(17)
calls=1 0 0
37 13
cfl=(3)
cfn=(17)
calls=1 0 0
37 11
cfl=(3)
cfn=(17)
calls=1 0 0
37 11
cfl=(3)
cfn=(17)
calls=1 0 0
37 11
cfl=(3)
cfn=(17)
calls=1 0 0
37 11
cfl=(3)
cfn=(17)
calls=1 0 0
37 12
cfl=(3)
cfn=(17)
calls=1 0 0
37 11
cfl=(3)
cfn=(17)
calls=1 0 0
37 13
cfl=(3)
cfn=(17)
calls=1 0 0
37 11
cfl=(3)
cfn=(17)
calls=1 0 0
37 10
cfl=(3)
cfn=(17)
calls=1 0 0
37 10
cfl=(3)
cfn=(17)
calls=1 0 0
37 11
cfl=(3)
cfn=(17)
calls=1 0 0
37 11
cfl=(3)
cfn=(17)
calls=1 0 0
37 11
cfl=(3)
cfn=(17)
calls=1 0 0
37 10
cfl=(3)
cfn=(17)
calls=1 0 0
37 12
cfl=(7)
cfn=(18)
calls=1 0 0
40 803
cfl=(3)
cfn=(19)
calls=1 0 0
42 10
cfl=(3)
cfn=(20)
calls=1 0 0
45 20
cfl=(8)
cfn=(21)
calls=1 0 0
47 43
cfl=(1)
cfn=(27)
calls=1 0 0
49 160
cfl=(1)
cfn=(27)
calls=1 0 0
49 101

fl=(11) /var/www/html/sameas-lite/vendor/autoload.php
fn=(30) require_once::/var/www/html/sameas-lite/vendor/autoload.php
1 633
cfl=(1)
cfn=(1)
calls=1 0 0
5 0
cfl=(1)
cfn=(29)
calls=1 0 0
7 6525

fl=(2)
fn=(31) php::file_exists
56 10

fl=(2)
fn=(32) php::unlink
58 46

fl=(2)
fn=(33) php::intval
67 0

fl=(2)
fn=(34) php::count
69 3

fl=(2)
fn=(33)
71 0

fl=(2)
fn=(35) php::microtime
75 1

fl=(2)
fn=(36) php::strtr
347 1

fl=(2)
fn=(37) php::strpos
352 0

fl=(2)
fn=(37)
352 0

fl=(2)
fn=(37)
352 0

fl=(2)
fn=(37)
352 0

fl=(2)
fn=(38) php::substr
354 2

fl=(2)
fn=(31)
354 5

fl=(3)
fn=(39) Composer\Autoload\ClassLoader->findFileWithExtension
344 86
cfl=(2)
cfn=(36)
calls=1 0 0
347 1
cfl=(2)
cfn=(37)
calls=1 0 0
352 0
cfl=(2)
cfn=(37)
calls=1 0 0
352 0
cfl=(2)
cfn=(37)
calls=1 0 0
352 0
cfl=(2)
cfn=(37)
calls=1 0 0
352 0
cfl=(2)
cfn=(38)
calls=1 0 0
354 2
cfl=(2)
cfn=(31)
calls=1 0 0
354 5

fl=(3)
fn=(40) Composer\Autoload\ClassLoader->findFile
314 64
cfl=(3)
cfn=(39)
calls=1 0 0
329 96

fl=(2)
fn=(36)
347 0

fl=(2)
fn=(37)
352 0

fl=(2)
fn=(37)
352 0

fl=(2)
fn=(37)
352 0

fl=(2)
fn=(37)
352 0

fl=(2)
fn=(38)
354 0

fl=(2)
fn=(31)
354 4

fl=(3)
fn=(39)
344 87
cfl=(2)
cfn=(36)
calls=1 0 0
347 0
cfl=(2)
cfn=(37)
calls=1 0 0
352 0
cfl=(2)
cfn=(37)
calls=1 0 0
352 0
cfl=(2)
cfn=(37)
calls=1 0 0
352 0
cfl=(2)
cfn=(37)
calls=1 0 0
352 0
cfl=(2)
cfn=(38)
calls=1 0 0
354 0
cfl=(2)
cfn=(31)
calls=1 0 0
354 4

fl=(3)
fn=(40)
314 56
cfl=(3)
cfn=(39)
calls=1 0 0
329 94

fl=(12) /var/www/html/sameas-lite/src/Store.php
fn=(41) include::/var/www/html/sameas-lite/src/Store.php
1 1

fl=(3)
fn=(42) Composer\Autoload\includeFile
410 948
cfl=(12)
cfn=(41)
calls=1 0 0
412 1

fl=(3)
fn=(43) Composer\Autoload\ClassLoader->loadClass
298 42
cfl=(3)
cfn=(40)
calls=1 0 0
300 151
cfl=(3)
cfn=(42)
calls=1 0 0
301 950

fl=(2)
fn=(5)
45 23
cfl=(3)
cfn=(43)
calls=1 0 0
45 1144

fl=(13) /var/www/html/sameas-lite/src/MySqlStore.php
fn=(44) include::/var/www/html/sameas-lite/src/MySqlStore.php
1 32
cfl=(2)
cfn=(5)
calls=1 0 0
45 1168

fl=(3)
fn=(42)
410 254
cfl=(13)
cfn=(44)
calls=1 0 0
412 1200

fl=(3)
fn=(43)
298 32
cfl=(3)
cfn=(40)
calls=1 0 0
300 160
cfl=(3)
cfn=(42)
calls=1 0 0
301 1455

fl=(2)
fn=(5)
76 21
cfl=(3)
cfn=(43)
calls=1 0 0
76 1647

fl=(2)
fn=(37)
83 1

fl=(2)
fn=(38)
84 0

fl=(13)
fn=(45) SameAsLite\MySqlStore->getDsnPrefix
77 0

fl=(2)
fn=(46) php::preg_match
98 64

fl=(12)
fn=(47) SameAsLite\Store->__construct
80 61
cfl=(2)
cfn=(37)
calls=1 0 0
83 1
cfl=(2)
cfn=(38)
calls=1 0 0
84 0
cfl=(13)
cfn=(45)
calls=1 0 0
90 0
cfl=(2)
cfn=(46)
calls=1 0 0
98 64

fl=(13)
fn=(48) SameAsLite\MySqlStore->__construct
59 41
cfl=(12)
cfn=(47)
calls=1 0 0
70 128

fl=(2)
fn=(49) php::PDO->__construct
125 1432

fl=(2)
fn=(50) php::PDO->setAttribute
134 0

fl=(2)
fn=(51) php::PDO->exec
89 118

fl=(13)
fn=(52) SameAsLite\MySqlStore->useDatabase
86 25
cfl=(2)
cfn=(51)
calls=1 0 0
89 118

fl=(13)
fn=(53) SameAsLite\MySqlStore->getCreateTablesSql
102 0

fl=(2)
fn=(51)
142 151

fl=(12)
fn=(54) SameAsLite\Store->connect
115 122
cfl=(2)
cfn=(49)
calls=1 0 0
125 1432
cfl=(2)
cfn=(50)
calls=1 0 0
134 0
cfl=(13)
cfn=(52)
calls=1 0 0
137 144
cfl=(13)
cfn=(53)
calls=1 0 0
141 0
cfl=(2)
cfn=(51)
calls=1 0 0
142 151

fl=(2)
fn=(55) php::PDO->prepare
186 5

fl=(2)
fn=(56) php::PDOStatement->execute
187 113

fl=(2)
fn=(57) php::PDOStatement->fetchAll
188 59

fl=(12)
fn=(58) SameAsLite\Store->querySymbol
174 147
cfl=(12)
cfn=(54)
calls=1 0 0
178 1852
cfl=(2)
cfn=(55)
calls=1 0 0
186 5
cfl=(2)
cfn=(56)
calls=1 0 0
187 113
cfl=(2)
cfn=(57)
calls=1 0 0
188 59

fl=(2)
fn=(35)
78 0

fl=(2)
fn=(34)
80 0

fl=(2)
fn=(59) php::printf
89 130

fl=(2)
fn=(60) php::file_put_contents
90 80

fl=(2)
fn=(60)
92 15

fl=(2)
fn=(60)
92 9

fl=(2)
fn=(60)
92 7

fl=(2)
fn=(60)
92 8

fl=(2)
fn=(60)
92 7

fl=(2)
fn=(60)
92 8

fl=(2)
fn=(60)
92 8

fl=(2)
fn=(60)
92 7

fl=(2)
fn=(60)
92 8

fl=(2)
fn=(60)
92 7

fl=(2)
fn=(60)
92 7

fl=(2)
fn=(60)
92 7

fl=(2)
fn=(60)
92 8

fl=(2)
fn=(60)
92 6

fl=(2)
fn=(60)
92 7

fl=(2)
fn=(60)
92 8

fl=(2)
fn=(60)
92 9

fl=(2)
fn=(60)
92 7

fl=(2)
fn=(60)
92 7

fl=(2)
fn=(60)
92 7

fl=(2)
fn=(60)
92 7

fl=(2)
fn=(60)
92 7

fl=(2)
fn=(60)
92 6

fl=(2)
fn=(60)
92 8

fl=(2)
fn=(60)
92 6

fl=(2)
fn=(60)
92 8

fl=(2)
fn=(60)
92 7

fl=(2)
fn=(60)
92 6

fl=(2)
fn=(60)
92 8

fl=(2)
fn=(60)
92 6

fl=(2)
fn=(60)
92 7

fl=(2)
fn=(60)
92 7

fl=(2)
fn=(60)
92 8

fl=(2)
fn=(60)
92 7

fl=(2)
fn=(60)
92 7

fl=(2)
fn=(60)
92 8

fl=(2)
fn=(60)
92 7

fl=(2)
fn=(60)
92 8

fl=(2)
fn=(60)
92 7

fl=(2)
fn=(60)
92 6

fl=(2)
fn=(60)
92 8

fl=(2)
fn=(60)
92 7

fl=(2)
fn=(60)
92 8

fl=(2)
fn=(60)
92 7

fl=(2)
fn=(60)
92 10

fl=(2)
fn=(60)
92 7

fl=(2)
fn=(60)
92 8

fl=(2)
fn=(60)
92 6

fl=(2)
fn=(60)
92 8

fl=(2)
fn=(60)
92 7

fl=(2)
fn=(60)
92 6

fl=(2)
fn=(60)
92 6

fl=(2)
fn=(60)
92 6

fl=(2)
fn=(60)
92 8

fl=(2)
fn=(60)
92 7

fl=(2)
fn=(60)
92 8

fl=(2)
fn=(60)
92 7

fl=(2)
fn=(60)
92 8

fl=(2)
fn=(60)
92 8

fl=(2)
fn=(60)
92 6

fl=(2)
fn=(60)
92 8

fl=(2)
fn=(60)
92 8

fl=(2)
fn=(60)
92 7

fl=(2)
fn=(60)
92 7

fl=(2)
fn=(60)
92 7

fl=(2)
fn=(60)
92 8

fl=(2)
fn=(60)
92 7

fl=(2)
fn=(60)
92 8

fl=(2)
fn=(60)
92 8

fl=(2)
fn=(60)
92 7

fl=(2)
fn=(60)
92 7

fl=(2)
fn=(60)
92 7

fl=(2)
fn=(60)
92 8

fl=(2)
fn=(60)
92 6

fl=(2)
fn=(60)
92 7

fl=(2)
fn=(60)
92 8

fl=(2)
fn=(60)
92 7

fl=(2)
fn=(60)
92 8

fl=(2)
fn=(60)
92 7

fl=(2)
fn=(60)
92 8

fl=(2)
fn=(60)
92 6

fl=(2)
fn=(60)
92 7

fl=(2)
fn=(60)
92 6

fl=(2)
fn=(60)
92 8

fl=(2)
fn=(60)
92 7

fl=(2)
fn=(60)
92 8

fl=(2)
fn=(60)
92 7

fl=(2)
fn=(60)
92 8

fl=(2)
fn=(60)
92 7

fl=(2)
fn=(60)
92 7

fl=(2)
fn=(60)
92 6

fl=(2)
fn=(60)
92 7

fl=(2)
fn=(60)
92 6

fl=(2)
fn=(60)
92 7

fl=(2)
fn=(60)
92 11

fl=(2)
fn=(60)
92 7

fl=(2)
fn=(60)
92 8

fl=(2)
fn=(60)
92 7

fl=(2)
fn=(60)
92 8

fl=(2)
fn=(60)
92 7

fl=(2)
fn=(60)
92 8

fl=(14) /var/www/html/sameas-lite/profile/query_symbol.php
fn=(61) {main}

summary: 13725

1 1469
cfl=(11)
cfn=(30)
calls=1 0 0
53 7159
cfl=(2)
cfn=(31)
calls=1 0 0
56 10
cfl=(2)
cfn=(32)
calls=1 0 0
58 46
cfl=(2)
cfn=(33)
calls=1 0 0
67 0
cfl=(2)
cfn=(34)
calls=1 0 0
69 3
cfl=(2)
cfn=(33)
calls=1 0 0
71 0
cfl=(2)
cfn=(35)
calls=1 0 0
75 1
cfl=(2)
cfn=(5)
calls=1 0 0
76 1669
cfl=(13)
cfn=(48)
calls=1 0 0
76 169
cfl=(12)
cfn=(58)
calls=1 0 0
77 2180
cfl=(2)
cfn=(35)
calls=1 0 0
78 0
cfl=(2)
cfn=(34)
calls=1 0 0
80 0
cfl=(2)
cfn=(59)
calls=1 0 0
89 130
cfl=(2)
cfn=(60)
calls=1 0 0
90 80
cfl=(2)
cfn=(60)
calls=1 0 0
92 15
cfl=(2)
cfn=(60)
calls=1 0 0
92 9
cfl=(2)
cfn=(60)
calls=1 0 0
92 7
cfl=(2)
cfn=(60)
calls=1 0 0
92 8
cfl=(2)
cfn=(60)
calls=1 0 0
92 7
cfl=(2)
cfn=(60)
calls=1 0 0
92 8
cfl=(2)
cfn=(60)
calls=1 0 0
92 8
cfl=(2)
cfn=(60)
calls=1 0 0
92 7
cfl=(2)
cfn=(60)
calls=1 0 0
92 8
cfl=(2)
cfn=(60)
calls=1 0 0
92 7
cfl=(2)
cfn=(60)
calls=1 0 0
92 7
cfl=(2)
cfn=(60)
calls=1 0 0
92 7
cfl=(2)
cfn=(60)
calls=1 0 0
92 8
cfl=(2)
cfn=(60)
calls=1 0 0
92 6
cfl=(2)
cfn=(60)
calls=1 0 0
92 7
cfl=(2)
cfn=(60)
calls=1 0 0
92 8
cfl=(2)
cfn=(60)
calls=1 0 0
92 9
cfl=(2)
cfn=(60)
calls=1 0 0
92 7
cfl=(2)
cfn=(60)
calls=1 0 0
92 7
cfl=(2)
cfn=(60)
calls=1 0 0
92 7
cfl=(2)
cfn=(60)
calls=1 0 0
92 7
cfl=(2)
cfn=(60)
calls=1 0 0
92 7
cfl=(2)
cfn=(60)
calls=1 0 0
92 6
cfl=(2)
cfn=(60)
calls=1 0 0
92 8
cfl=(2)
cfn=(60)
calls=1 0 0
92 6
cfl=(2)
cfn=(60)
calls=1 0 0
92 8
cfl=(2)
cfn=(60)
calls=1 0 0
92 7
cfl=(2)
cfn=(60)
calls=1 0 0
92 6
cfl=(2)
cfn=(60)
calls=1 0 0
92 8
cfl=(2)
cfn=(60)
calls=1 0 0
92 6
cfl=(2)
cfn=(60)
calls=1 0 0
92 7
cfl=(2)
cfn=(60)
calls=1 0 0
92 7
cfl=(2)
cfn=(60)
calls=1 0 0
92 8
cfl=(2)
cfn=(60)
calls=1 0 0
92 7
cfl=(2)
cfn=(60)
calls=1 0 0
92 7
cfl=(2)
cfn=(60)
calls=1 0 0
92 8
cfl=(2)
cfn=(60)
calls=1 0 0
92 7
cfl=(2)
cfn=(60)
calls=1 0 0
92 8
cfl=(2)
cfn=(60)
calls=1 0 0
92 7
cfl=(2)
cfn=(60)
calls=1 0 0
92 6
cfl=(2)
cfn=(60)
calls=1 0 0
92 8
cfl=(2)
cfn=(60)
calls=1 0 0
92 7
cfl=(2)
cfn=(60)
calls=1 0 0
92 8
cfl=(2)
cfn=(60)
calls=1 0 0
92 7
cfl=(2)
cfn=(60)
calls=1 0 0
92 10
cfl=(2)
cfn=(60)
calls=1 0 0
92 7
cfl=(2)
cfn=(60)
calls=1 0 0
92 8
cfl=(2)
cfn=(60)
calls=1 0 0
92 6
cfl=(2)
cfn=(60)
calls=1 0 0
92 8
cfl=(2)
cfn=(60)
calls=1 0 0
92 7
cfl=(2)
cfn=(60)
calls=1 0 0
92 6
cfl=(2)
cfn=(60)
calls=1 0 0
92 6
cfl=(2)
cfn=(60)
calls=1 0 0
92 6
cfl=(2)
cfn=(60)
calls=1 0 0
92 8
cfl=(2)
cfn=(60)
calls=1 0 0
92 7
cfl=(2)
cfn=(60)
calls=1 0 0
92 8
cfl=(2)
cfn=(60)
calls=1 0 0
92 7
cfl=(2)
cfn=(60)
calls=1 0 0
92 8
cfl=(2)
cfn=(60)
calls=1 0 0
92 8
cfl=(2)
cfn=(60)
calls=1 0 0
92 6
cfl=(2)
cfn=(60)
calls=1 0 0
92 8
cfl=(2)
cfn=(60)
calls=1 0 0
92 8
cfl=(2)
cfn=(60)
calls=1 0 0
92 7
cfl=(2)
cfn=(60)
calls=1 0 0
92 7
cfl=(2)
cfn=(60)
calls=1 0 0
92 7
cfl=(2)
cfn=(60)
calls=1 0 0
92 8
cfl=(2)
cfn=(60)
calls=1 0 0
92 7
cfl=(2)
cfn=(60)
calls=1 0 0
92 8
cfl=(2)
cfn=(60)
calls=1 0 0
92 8
cfl=(2)
cfn=(60)
calls=1 0 0
92 7
cfl=(2)
cfn=(60)
calls=1 0 0
92 7
cfl=(2)
cfn=(60)
calls=1 0 0
92 7
cfl=(2)
cfn=(60)
calls=1 0 0
92 8
cfl=(2)
cfn=(60)
calls=1 0 0
92 6
cfl=(2)
cfn=(60)
calls=1 0 0
92 7
cfl=(2)
cfn=(60)
calls=1 0 0
92 8
cfl=(2)
cfn=(60)
calls=1 0 0
92 7
cfl=(2)
cfn=(60)
calls=1 0 0
92 8
cfl=(2)
cfn=(60)
calls=1 0 0
92 7
cfl=(2)
cfn=(60)
calls=1 0 0
92 8
cfl=(2)
cfn=(60)
calls=1 0 0
92 6
cfl=(2)
cfn=(60)
calls=1 0 0
92 7
cfl=(2)
cfn=(60)
calls=1 0 0
92 6
cfl=(2)
cfn=(60)
calls=1 0 0
92 8
cfl=(2)
cfn=(60)
calls=1 0 0
92 7
cfl=(2)
cfn=(60)
calls=1 0 0
92 8
cfl=(2)
cfn=(60)
calls=1 0 0
92 7
cfl=(2)
cfn=(60)
calls=1 0 0
92 8
cfl=(2)
cfn=(60)
calls=1 0 0
92 7
cfl=(2)
cfn=(60)
calls=1 0 0
92 7
cfl=(2)
cfn=(60)
calls=1 0 0
92 6
cfl=(2)
cfn=(60)
calls=1 0 0
92 7
cfl=(2)
cfn=(60)
calls=1 0 0
92 6
cfl=(2)
cfn=(60)
calls=1 0 0
92 7
cfl=(2)
cfn=(60)
calls=1 0 0
92 11
cfl=(2)
cfn=(60)
calls=1 0 0
92 7
cfl=(2)
cfn=(60)
calls=1 0 0
92 8
cfl=(2)
cfn=(60)
calls=1 0 0
92 7
cfl=(2)
cfn=(60)
calls=1 0 0
92 8
cfl=(2)
cfn=(60)
calls=1 0 0
92 7
cfl=(2)
cfn=(60)
calls=1 0 0
92 8

fl=(12)
fn=(62) SameAsLite\Store->__destruct
158 75

