version: 1
creator: xdebug 2.3.2
cmd: /var/www/html/sameas-lite/profile/QuerySymbol.php
part: 1
positions: line

events: Time

fl=(1) /var/www/html/sameas-lite/vendor/composer/autoload_real.php
fn=(1) require_once::/var/www/html/sameas-lite/vendor/composer/autoload_real.php
1 1

fl=(2) php:internal
fn=(2) php::spl_autoload_register
22 10

fl=(3) /var/www/html/sameas-lite/vendor/composer/ClassLoader.php
fn=(3) require::/var/www/html/sameas-lite/vendor/composer/ClassLoader.php
1 0

fl=(1)
fn=(4) ComposerAutoloaderInit8c21d59468a1b346516972e73914d46d::loadClassLoader
9 416
cfl=(3)
cfn=(3)
calls=1 0 0
12 0

fl=(2)
fn=(5) php::spl_autoload_call
23 20
cfl=(1)
cfn=(4)
calls=1 0 0
23 416

fl=(2)
fn=(6) php::spl_autoload_unregister
24 0

fl=(2)
fn=(7) php::dirname
5 2

fl=(2)
fn=(7)
5 0

fl=(2)
fn=(7)
6 0

fl=(4) /var/www/html/sameas-lite/vendor/composer/include_paths.php
fn=(8) require::/var/www/html/sameas-lite/vendor/composer/include_paths.php
1 49
cfl=(2)
cfn=(7)
calls=1 0 0
5 2
cfl=(2)
cfn=(7)
calls=1 0 0
5 0
cfl=(2)
cfn=(7)
calls=1 0 0
6 0

fl=(2)
fn=(9) php::get_include_path
27 1

fl=(2)
fn=(10) php::array_push
27 2

fl=(2)
fn=(11) php::join
28 2

fl=(2)
fn=(12) php::set_include_path
28 2

fl=(2)
fn=(7)
5 0

fl=(2)
fn=(7)
5 0

fl=(2)
fn=(7)
6 0

fl=(5) /var/www/html/sameas-lite/vendor/composer/autoload_namespaces.php
fn=(13) require::/var/www/html/sameas-lite/vendor/composer/autoload_namespaces.php
1 65
cfl=(2)
cfn=(7)
calls=1 0 0
5 0
cfl=(2)
cfn=(7)
calls=1 0 0
5 0
cfl=(2)
cfn=(7)
calls=1 0 0
6 0

fl=(3)
fn=(14) Composer\Autoload\ClassLoader->set
200 76

fl=(3)
fn=(14)
200 3

fl=(3)
fn=(14)
200 0

fl=(3)
fn=(14)
200 0

fl=(3)
fn=(14)
200 0

fl=(3)
fn=(14)
200 0

fl=(3)
fn=(14)
200 0

fl=(3)
fn=(14)
200 0

fl=(3)
fn=(14)
200 0

fl=(3)
fn=(14)
200 0

fl=(3)
fn=(14)
200 1

fl=(3)
fn=(14)
200 0

fl=(3)
fn=(14)
200 0

fl=(3)
fn=(14)
200 0

fl=(3)
fn=(14)
200 0

fl=(3)
fn=(14)
200 0

fl=(3)
fn=(14)
200 0

fl=(3)
fn=(14)
200 0

fl=(3)
fn=(14)
200 0

fl=(3)
fn=(14)
200 0

fl=(3)
fn=(14)
200 2

fl=(3)
fn=(14)
200 0

fl=(3)
fn=(14)
200 3

fl=(3)
fn=(14)
200 0

fl=(3)
fn=(14)
200 0

fl=(3)
fn=(14)
200 0

fl=(3)
fn=(14)
200 1

fl=(3)
fn=(14)
200 0

fl=(3)
fn=(14)
200 0

fl=(3)
fn=(14)
200 2

fl=(3)
fn=(14)
200 0

fl=(3)
fn=(14)
200 0

fl=(3)
fn=(14)
200 0

fl=(3)
fn=(14)
200 1

fl=(3)
fn=(14)
200 0

fl=(3)
fn=(14)
200 0

fl=(3)
fn=(14)
200 0

fl=(3)
fn=(14)
200 3

fl=(3)
fn=(14)
200 0

fl=(3)
fn=(14)
200 1

fl=(2)
fn=(7)
5 0

fl=(2)
fn=(7)
5 0

fl=(2)
fn=(7)
6 0

fl=(6) /var/www/html/sameas-lite/vendor/composer/autoload_psr4.php
fn=(15) require::/var/www/html/sameas-lite/vendor/composer/autoload_psr4.php
1 49
cfl=(2)
cfn=(7)
calls=1 0 0
5 0
cfl=(2)
cfn=(7)
calls=1 0 0
5 0
cfl=(2)
cfn=(7)
calls=1 0 0
6 0

fl=(2)
fn=(16) php::strlen
223 0

fl=(3)
fn=(17) Composer\Autoload\ClassLoader->setPsr4
218 19
cfl=(2)
cfn=(16)
calls=1 0 0
223 0

fl=(2)
fn=(16)
223 0

fl=(3)
fn=(17)
218 13
cfl=(2)
cfn=(16)
calls=1 0 0
223 0

fl=(2)
fn=(16)
223 0

fl=(3)
fn=(17)
218 11
cfl=(2)
cfn=(16)
calls=1 0 0
223 0

fl=(2)
fn=(16)
223 0

fl=(3)
fn=(17)
218 10
cfl=(2)
cfn=(16)
calls=1 0 0
223 0

fl=(2)
fn=(16)
223 0

fl=(3)
fn=(17)
218 10
cfl=(2)
cfn=(16)
calls=1 0 0
223 0

fl=(2)
fn=(16)
223 0

fl=(3)
fn=(17)
218 12
cfl=(2)
cfn=(16)
calls=1 0 0
223 0

fl=(2)
fn=(16)
223 0

fl=(3)
fn=(17)
218 10
cfl=(2)
cfn=(16)
calls=1 0 0
223 0

fl=(2)
fn=(16)
223 0

fl=(3)
fn=(17)
218 10
cfl=(2)
cfn=(16)
calls=1 0 0
223 0

fl=(2)
fn=(16)
223 0

fl=(3)
fn=(17)
218 11
cfl=(2)
cfn=(16)
calls=1 0 0
223 0

fl=(2)
fn=(16)
223 0

fl=(3)
fn=(17)
218 11
cfl=(2)
cfn=(16)
calls=1 0 0
223 0

fl=(2)
fn=(16)
223 0

fl=(3)
fn=(17)
218 14
cfl=(2)
cfn=(16)
calls=1 0 0
223 0

fl=(2)
fn=(16)
223 0

fl=(3)
fn=(17)
218 10
cfl=(2)
cfn=(16)
calls=1 0 0
223 0

fl=(2)
fn=(16)
223 0

fl=(3)
fn=(17)
218 11
cfl=(2)
cfn=(16)
calls=1 0 0
223 0

fl=(2)
fn=(16)
223 0

fl=(3)
fn=(17)
218 10
cfl=(2)
cfn=(16)
calls=1 0 0
223 0

fl=(2)
fn=(16)
223 0

fl=(3)
fn=(17)
218 10
cfl=(2)
cfn=(16)
calls=1 0 0
223 0

fl=(2)
fn=(16)
223 0

fl=(3)
fn=(17)
218 10
cfl=(2)
cfn=(16)
calls=1 0 0
223 0

fl=(2)
fn=(16)
223 0

fl=(3)
fn=(17)
218 10
cfl=(2)
cfn=(16)
calls=1 0 0
223 0

fl=(2)
fn=(7)
5 10

fl=(2)
fn=(7)
5 0

fl=(2)
fn=(7)
6 0

fl=(7) /var/www/html/sameas-lite/vendor/composer/autoload_classmap.php
fn=(18) require::/var/www/html/sameas-lite/vendor/composer/autoload_classmap.php
1 1475
cfl=(2)
cfn=(7)
calls=1 0 0
5 10
cfl=(2)
cfn=(7)
calls=1 0 0
5 0
cfl=(2)
cfn=(7)
calls=1 0 0
6 0

fl=(3)
fn=(19) Composer\Autoload\ClassLoader->addClassMap
91 45

fl=(2)
fn=(2)
281 19

fl=(3)
fn=(20) Composer\Autoload\ClassLoader->register
279 47
cfl=(2)
cfn=(2)
calls=1 0 0
281 19

fl=(2)
fn=(7)
5 4

fl=(2)
fn=(7)
5 0

fl=(2)
fn=(7)
6 0

fl=(8) /var/www/html/sameas-lite/vendor/composer/autoload_files.php
fn=(21) require::/var/www/html/sameas-lite/vendor/composer/autoload_files.php
1 75
cfl=(2)
cfn=(7)
calls=1 0 0
5 4
cfl=(2)
cfn=(7)
calls=1 0 0
5 0
cfl=(2)
cfn=(7)
calls=1 0 0
6 0

fl=(2)
fn=(22) php::defined
3 15

fl=(2)
fn=(23) php::phpversion
10 5

fl=(2)
fn=(24) php::version_compare
10 17

fl=(2)
fn=(25) php::define
10 5

fl=(9) /var/www/html/sameas-lite/vendor/herrera-io/json/src/lib/json_version.php
fn=(26) require::/var/www/html/sameas-lite/vendor/herrera-io/json/src/lib/json_version.php
1 96
cfl=(2)
cfn=(22)
calls=1 0 0
3 15
cfl=(2)
cfn=(23)
calls=1 0 0
10 5
cfl=(2)
cfn=(24)
calls=1 0 0
10 17
cfl=(2)
cfn=(25)
calls=1 0 0
10 5

fl=(1)
fn=(27) composerRequire8c21d59468a1b346516972e73914d46d
56 193
cfl=(9)
cfn=(26)
calls=1 0 0
58 139

fl=(2)
fn=(22)
3 5

fl=(2)
fn=(25)
10 1

fl=(10) /var/www/html/sameas-lite/vendor/herrera-io/phar-update/src/lib/constants.php
fn=(28) require::/var/www/html/sameas-lite/vendor/herrera-io/phar-update/src/lib/constants.php
1 44
cfl=(2)
cfn=(22)
calls=1 0 0
3 5
cfl=(2)
cfn=(25)
calls=1 0 0
10 1

fl=(1)
fn=(27)
56 147
cfl=(10)
cfn=(28)
calls=1 0 0
58 51

fl=(1)
fn=(29) ComposerAutoloaderInit8c21d59468a1b346516972e73914d46d::getLoader
16 25239
cfl=(2)
cfn=(2)
calls=1 0 0
22 10
cfl=(2)
cfn=(5)
calls=1 0 0
23 437
cfl=(2)
cfn=(6)
calls=1 0 0
24 0
cfl=(4)
cfn=(8)
calls=1 0 0
26 51
cfl=(2)
cfn=(9)
calls=1 0 0
27 1
cfl=(2)
cfn=(10)
calls=1 0 0
27 2
cfl=(2)
cfn=(11)
calls=1 0 0
28 2
cfl=(2)
cfn=(12)
calls=1 0 0
28 2
cfl=(5)
cfn=(13)
calls=1 0 0
30 66
cfl=(3)
cfn=(14)
calls=1 0 0
32 76
cfl=(3)
cfn=(14)
calls=1 0 0
32 3
cfl=(3)
cfn=(14)
calls=1 0 0
32 0
cfl=(3)
cfn=(14)
calls=1 0 0
32 0
cfl=(3)
cfn=(14)
calls=1 0 0
32 0
cfl=(3)
cfn=(14)
calls=1 0 0
32 0
cfl=(3)
cfn=(14)
calls=1 0 0
32 0
cfl=(3)
cfn=(14)
calls=1 0 0
32 0
cfl=(3)
cfn=(14)
calls=1 0 0
32 0
cfl=(3)
cfn=(14)
calls=1 0 0
32 0
cfl=(3)
cfn=(14)
calls=1 0 0
32 1
cfl=(3)
cfn=(14)
calls=1 0 0
32 0
cfl=(3)
cfn=(14)
calls=1 0 0
32 0
cfl=(3)
cfn=(14)
calls=1 0 0
32 0
cfl=(3)
cfn=(14)
calls=1 0 0
32 0
cfl=(3)
cfn=(14)
calls=1 0 0
32 0
cfl=(3)
cfn=(14)
calls=1 0 0
32 0
cfl=(3)
cfn=(14)
calls=1 0 0
32 0
cfl=(3)
cfn=(14)
calls=1 0 0
32 0
cfl=(3)
cfn=(14)
calls=1 0 0
32 0
cfl=(3)
cfn=(14)
calls=1 0 0
32 2
cfl=(3)
cfn=(14)
calls=1 0 0
32 0
cfl=(3)
cfn=(14)
calls=1 0 0
32 3
cfl=(3)
cfn=(14)
calls=1 0 0
32 0
cfl=(3)
cfn=(14)
calls=1 0 0
32 0
cfl=(3)
cfn=(14)
calls=1 0 0
32 0
cfl=(3)
cfn=(14)
calls=1 0 0
32 1
cfl=(3)
cfn=(14)
calls=1 0 0
32 0
cfl=(3)
cfn=(14)
calls=1 0 0
32 0
cfl=(3)
cfn=(14)
calls=1 0 0
32 2
cfl=(3)
cfn=(14)
calls=1 0 0
32 0
cfl=(3)
cfn=(14)
calls=1 0 0
32 0
cfl=(3)
cfn=(14)
calls=1 0 0
32 0
cfl=(3)
cfn=(14)
calls=1 0 0
32 1
cfl=(3)
cfn=(14)
calls=1 0 0
32 0
cfl=(3)
cfn=(14)
calls=1 0 0
32 0
cfl=(3)
cfn=(14)
calls=1 0 0
32 0
cfl=(3)
cfn=(14)
calls=1 0 0
32 3
cfl=(3)
cfn=(14)
calls=1 0 0
32 0
cfl=(3)
cfn=(14)
calls=1 0 0
32 1
cfl=(6)
cfn=(15)
calls=1 0 0
35 51
cfl=(3)
cfn=(17)
calls=1 0 0
37 19
cfl=(3)
cfn=(17)
calls=1 0 0
37 13
cfl=(3)
cfn=(17)
calls=1 0 0
37 11
cfl=(3)
cfn=(17)
calls=1 0 0
37 10
cfl=(3)
cfn=(17)
calls=1 0 0
37 10
cfl=(3)
cfn=(17)
calls=1 0 0
37 12
cfl=(3)
cfn=(17)
calls=1 0 0
37 10
cfl=(3)
cfn=(17)
calls=1 0 0
37 10
cfl=(3)
cfn=(17)
calls=1 0 0
37 11
cfl=(3)
cfn=(17)
calls=1 0 0
37 11
cfl=(3)
cfn=(17)
calls=1 0 0
37 14
cfl=(3)
cfn=(17)
calls=1 0 0
37 10
cfl=(3)
cfn=(17)
calls=1 0 0
37 11
cfl=(3)
cfn=(17)
calls=1 0 0
37 10
cfl=(3)
cfn=(17)
calls=1 0 0
37 10
cfl=(3)
cfn=(17)
calls=1 0 0
37 10
cfl=(3)
cfn=(17)
calls=1 0 0
37 10
cfl=(7)
cfn=(18)
calls=1 0 0
40 1486
cfl=(3)
cfn=(19)
calls=1 0 0
42 45
cfl=(3)
cfn=(20)
calls=1 0 0
45 66
cfl=(8)
cfn=(21)
calls=1 0 0
47 80
cfl=(1)
cfn=(27)
calls=1 0 0
49 333
cfl=(1)
cfn=(27)
calls=1 0 0
49 198

fl=(11) /var/www/html/sameas-lite/vendor/autoload.php
fn=(30) require_once::/var/www/html/sameas-lite/vendor/autoload.php
1 1107
cfl=(1)
cfn=(1)
calls=1 0 0
5 1
cfl=(1)
cfn=(29)
calls=1 0 0
7 28403

fl=(2)
fn=(31) php::strtr
347 11

fl=(2)
fn=(32) php::strpos
352 7

fl=(2)
fn=(32)
352 0

fl=(2)
fn=(32)
352 0

fl=(2)
fn=(32)
352 0

fl=(2)
fn=(33) php::substr
354 7

fl=(2)
fn=(34) php::file_exists
354 52

fl=(3)
fn=(35) Composer\Autoload\ClassLoader->findFileWithExtension
344 180
cfl=(2)
cfn=(31)
calls=1 0 0
347 11
cfl=(2)
cfn=(32)
calls=1 0 0
352 7
cfl=(2)
cfn=(32)
calls=1 0 0
352 0
cfl=(2)
cfn=(32)
calls=1 0 0
352 0
cfl=(2)
cfn=(32)
calls=1 0 0
352 0
cfl=(2)
cfn=(33)
calls=1 0 0
354 7
cfl=(2)
cfn=(34)
calls=1 0 0
354 52

fl=(3)
fn=(36) Composer\Autoload\ClassLoader->findFile
314 154
cfl=(3)
cfn=(35)
calls=1 0 0
329 260

fl=(2)
fn=(31)
347 2

fl=(2)
fn=(32)
352 0

fl=(2)
fn=(32)
352 0

fl=(2)
fn=(32)
352 0

fl=(2)
fn=(32)
352 0

fl=(2)
fn=(33)
354 0

fl=(2)
fn=(34)
354 5

fl=(3)
fn=(35)
344 101
cfl=(2)
cfn=(31)
calls=1 0 0
347 2
cfl=(2)
cfn=(32)
calls=1 0 0
352 0
cfl=(2)
cfn=(32)
calls=1 0 0
352 0
cfl=(2)
cfn=(32)
calls=1 0 0
352 0
cfl=(2)
cfn=(32)
calls=1 0 0
352 0
cfl=(2)
cfn=(33)
calls=1 0 0
354 0
cfl=(2)
cfn=(34)
calls=1 0 0
354 5

fl=(3)
fn=(36)
314 58
cfl=(3)
cfn=(35)
calls=1 0 0
329 111

fl=(12) /var/www/html/sameas-lite/src/Store.php
fn=(37) include::/var/www/html/sameas-lite/src/Store.php
1 1

fl=(3)
fn=(38) Composer\Autoload\includeFile
410 967
cfl=(12)
cfn=(37)
calls=1 0 0
412 1

fl=(3)
fn=(39) Composer\Autoload\ClassLoader->loadClass
298 35
cfl=(3)
cfn=(36)
calls=1 0 0
300 169
cfl=(3)
cfn=(38)
calls=1 0 0
301 969

fl=(2)
fn=(5)
45 23
cfl=(3)
cfn=(39)
calls=1 0 0
45 1174

fl=(13) /var/www/html/sameas-lite/src/MySqlStore.php
fn=(40) include::/var/www/html/sameas-lite/src/MySqlStore.php
1 31
cfl=(2)
cfn=(5)
calls=1 0 0
45 1198

fl=(3)
fn=(38)
410 497
cfl=(13)
cfn=(40)
calls=1 0 0
412 1230

fl=(3)
fn=(39)
298 59
cfl=(3)
cfn=(36)
calls=1 0 0
300 414
cfl=(3)
cfn=(38)
calls=1 0 0
301 1727

fl=(2)
fn=(5)
48 30
cfl=(3)
cfn=(39)
calls=1 0 0
48 2201

fl=(2)
fn=(32)
83 0

fl=(2)
fn=(33)
84 0

fl=(13)
fn=(41) SameAsLite\MySqlStore->getDsnPrefix
77 0

fl=(2)
fn=(42) php::preg_match
98 71

fl=(12)
fn=(43) SameAsLite\Store->__construct
80 60
cfl=(2)
cfn=(32)
calls=1 0 0
83 0
cfl=(2)
cfn=(33)
calls=1 0 0
84 0
cfl=(13)
cfn=(41)
calls=1 0 0
90 0
cfl=(2)
cfn=(42)
calls=1 0 0
98 71

fl=(13)
fn=(44) SameAsLite\MySqlStore->__construct
59 40
cfl=(12)
cfn=(43)
calls=1 0 0
70 133

fl=(2)
fn=(45) php::PDO->__construct
125 1187

fl=(2)
fn=(46) php::PDO->setAttribute
134 0

fl=(2)
fn=(47) php::PDO->exec
89 70

fl=(13)
fn=(48) SameAsLite\MySqlStore->useDatabase
86 24
cfl=(2)
cfn=(47)
calls=1 0 0
89 70

fl=(13)
fn=(49) SameAsLite\MySqlStore->getCreateTablesSql
102 0

fl=(2)
fn=(47)
142 164

fl=(12)
fn=(50) SameAsLite\Store->connect
115 121
cfl=(2)
cfn=(45)
calls=1 0 0
125 1187
cfl=(2)
cfn=(46)
calls=1 0 0
134 0
cfl=(13)
cfn=(48)
calls=1 0 0
137 94
cfl=(13)
cfn=(49)
calls=1 0 0
141 0
cfl=(2)
cfn=(47)
calls=1 0 0
142 164

fl=(2)
fn=(51) php::PDO->prepare
186 5

fl=(2)
fn=(52) php::PDOStatement->execute
187 78

fl=(2)
fn=(53) php::PDOStatement->fetchAll
188 61

fl=(12)
fn=(54) SameAsLite\Store->querySymbol
174 176
cfl=(12)
cfn=(50)
calls=1 0 0
178 1569
cfl=(2)
cfn=(51)
calls=1 0 0
186 5
cfl=(2)
cfn=(52)
calls=1 0 0
187 78
cfl=(2)
cfn=(53)
calls=1 0 0
188 61

fl=(2)
fn=(55) php::print_r
52 119

fl=(2)
fn=(55)
52 53

fl=(2)
fn=(55)
52 49

fl=(2)
fn=(55)
52 50

fl=(2)
fn=(55)
52 49

fl=(2)
fn=(55)
52 50

fl=(2)
fn=(55)
52 48

fl=(2)
fn=(55)
52 49

fl=(2)
fn=(55)
52 48

fl=(2)
fn=(55)
52 48

fl=(2)
fn=(55)
52 49

fl=(2)
fn=(55)
52 49

fl=(2)
fn=(55)
52 49

fl=(2)
fn=(55)
52 49

fl=(2)
fn=(55)
52 48

fl=(2)
fn=(55)
52 48

fl=(2)
fn=(55)
52 49

fl=(2)
fn=(55)
52 48

fl=(2)
fn=(55)
52 51

fl=(2)
fn=(55)
52 49

fl=(2)
fn=(55)
52 48

fl=(2)
fn=(55)
52 48

fl=(2)
fn=(55)
52 49

fl=(2)
fn=(55)
52 48

fl=(2)
fn=(55)
52 48

fl=(2)
fn=(55)
52 49

fl=(2)
fn=(55)
52 47

fl=(2)
fn=(55)
52 48

fl=(2)
fn=(55)
52 49

fl=(2)
fn=(55)
52 49

fl=(2)
fn=(55)
52 48

fl=(2)
fn=(55)
52 48

fl=(2)
fn=(55)
52 160

fl=(2)
fn=(55)
52 57

fl=(2)
fn=(55)
52 49

fl=(2)
fn=(55)
52 49

fl=(2)
fn=(55)
52 48

fl=(2)
fn=(55)
52 49

fl=(2)
fn=(55)
52 49

fl=(2)
fn=(55)
52 48

fl=(2)
fn=(55)
52 49

fl=(2)
fn=(55)
52 48

fl=(2)
fn=(55)
52 49

fl=(2)
fn=(55)
52 49

fl=(2)
fn=(55)
52 48

fl=(2)
fn=(55)
52 48

fl=(2)
fn=(55)
52 49

fl=(2)
fn=(55)
52 48

fl=(2)
fn=(55)
52 49

fl=(2)
fn=(55)
52 49

fl=(2)
fn=(55)
52 48

fl=(2)
fn=(55)
52 48

fl=(2)
fn=(55)
52 48

fl=(2)
fn=(55)
52 48

fl=(2)
fn=(55)
52 49

fl=(2)
fn=(55)
52 49

fl=(2)
fn=(55)
52 48

fl=(2)
fn=(55)
52 49

fl=(2)
fn=(55)
52 48

fl=(2)
fn=(55)
52 47

fl=(2)
fn=(55)
52 48

fl=(2)
fn=(55)
52 49

fl=(2)
fn=(55)
52 49

fl=(2)
fn=(55)
52 48

fl=(2)
fn=(55)
52 49

fl=(2)
fn=(55)
52 48

fl=(2)
fn=(55)
52 48

fl=(2)
fn=(55)
52 49

fl=(2)
fn=(55)
52 49

fl=(2)
fn=(55)
52 48

fl=(2)
fn=(55)
52 56

fl=(2)
fn=(55)
52 50

fl=(2)
fn=(55)
52 48

fl=(2)
fn=(55)
52 48

fl=(2)
fn=(55)
52 49

fl=(2)
fn=(55)
52 49

fl=(2)
fn=(55)
52 49

fl=(2)
fn=(55)
52 47

fl=(2)
fn=(55)
52 48

fl=(2)
fn=(55)
52 47

fl=(2)
fn=(55)
52 48

fl=(2)
fn=(55)
52 49

fl=(2)
fn=(55)
52 48

fl=(2)
fn=(55)
52 48

fl=(2)
fn=(55)
52 49

fl=(2)
fn=(55)
52 49

fl=(2)
fn=(55)
52 48

fl=(2)
fn=(55)
52 48

fl=(2)
fn=(55)
52 47

fl=(2)
fn=(55)
52 49

fl=(2)
fn=(55)
52 49

fl=(2)
fn=(55)
52 47

fl=(2)
fn=(55)
52 48

fl=(2)
fn=(55)
52 48

fl=(2)
fn=(55)
52 49

fl=(2)
fn=(55)
52 48

fl=(2)
fn=(55)
52 47

fl=(2)
fn=(55)
52 48

fl=(2)
fn=(55)
52 47

fl=(2)
fn=(55)
52 48

fl=(2)
fn=(55)
52 49

fl=(14) /var/www/html/sameas-lite/profile/QuerySymbol.php
fn=(56) {main}

summary: 40735

1 1775
cfl=(11)
cfn=(30)
calls=1 0 0
39 29512
cfl=(2)
cfn=(5)
calls=1 0 0
48 2232
cfl=(13)
cfn=(44)
calls=1 0 0
48 173
cfl=(12)
cfn=(54)
calls=1 0 0
49 1892
cfl=(2)
cfn=(55)
calls=1 0 0
52 119
cfl=(2)
cfn=(55)
calls=1 0 0
52 53
cfl=(2)
cfn=(55)
calls=1 0 0
52 49
cfl=(2)
cfn=(55)
calls=1 0 0
52 50
cfl=(2)
cfn=(55)
calls=1 0 0
52 49
cfl=(2)
cfn=(55)
calls=1 0 0
52 50
cfl=(2)
cfn=(55)
calls=1 0 0
52 48
cfl=(2)
cfn=(55)
calls=1 0 0
52 49
cfl=(2)
cfn=(55)
calls=1 0 0
52 48
cfl=(2)
cfn=(55)
calls=1 0 0
52 48
cfl=(2)
cfn=(55)
calls=1 0 0
52 49
cfl=(2)
cfn=(55)
calls=1 0 0
52 49
cfl=(2)
cfn=(55)
calls=1 0 0
52 49
cfl=(2)
cfn=(55)
calls=1 0 0
52 49
cfl=(2)
cfn=(55)
calls=1 0 0
52 48
cfl=(2)
cfn=(55)
calls=1 0 0
52 48
cfl=(2)
cfn=(55)
calls=1 0 0
52 49
cfl=(2)
cfn=(55)
calls=1 0 0
52 48
cfl=(2)
cfn=(55)
calls=1 0 0
52 51
cfl=(2)
cfn=(55)
calls=1 0 0
52 49
cfl=(2)
cfn=(55)
calls=1 0 0
52 48
cfl=(2)
cfn=(55)
calls=1 0 0
52 48
cfl=(2)
cfn=(55)
calls=1 0 0
52 49
cfl=(2)
cfn=(55)
calls=1 0 0
52 48
cfl=(2)
cfn=(55)
calls=1 0 0
52 48
cfl=(2)
cfn=(55)
calls=1 0 0
52 49
cfl=(2)
cfn=(55)
calls=1 0 0
52 47
cfl=(2)
cfn=(55)
calls=1 0 0
52 48
cfl=(2)
cfn=(55)
calls=1 0 0
52 49
cfl=(2)
cfn=(55)
calls=1 0 0
52 49
cfl=(2)
cfn=(55)
calls=1 0 0
52 48
cfl=(2)
cfn=(55)
calls=1 0 0
52 48
cfl=(2)
cfn=(55)
calls=1 0 0
52 160
cfl=(2)
cfn=(55)
calls=1 0 0
52 57
cfl=(2)
cfn=(55)
calls=1 0 0
52 49
cfl=(2)
cfn=(55)
calls=1 0 0
52 49
cfl=(2)
cfn=(55)
calls=1 0 0
52 48
cfl=(2)
cfn=(55)
calls=1 0 0
52 49
cfl=(2)
cfn=(55)
calls=1 0 0
52 49
cfl=(2)
cfn=(55)
calls=1 0 0
52 48
cfl=(2)
cfn=(55)
calls=1 0 0
52 49
cfl=(2)
cfn=(55)
calls=1 0 0
52 48
cfl=(2)
cfn=(55)
calls=1 0 0
52 49
cfl=(2)
cfn=(55)
calls=1 0 0
52 49
cfl=(2)
cfn=(55)
calls=1 0 0
52 48
cfl=(2)
cfn=(55)
calls=1 0 0
52 48
cfl=(2)
cfn=(55)
calls=1 0 0
52 49
cfl=(2)
cfn=(55)
calls=1 0 0
52 48
cfl=(2)
cfn=(55)
calls=1 0 0
52 49
cfl=(2)
cfn=(55)
calls=1 0 0
52 49
cfl=(2)
cfn=(55)
calls=1 0 0
52 48
cfl=(2)
cfn=(55)
calls=1 0 0
52 48
cfl=(2)
cfn=(55)
calls=1 0 0
52 48
cfl=(2)
cfn=(55)
calls=1 0 0
52 48
cfl=(2)
cfn=(55)
calls=1 0 0
52 49
cfl=(2)
cfn=(55)
calls=1 0 0
52 49
cfl=(2)
cfn=(55)
calls=1 0 0
52 48
cfl=(2)
cfn=(55)
calls=1 0 0
52 49
cfl=(2)
cfn=(55)
calls=1 0 0
52 48
cfl=(2)
cfn=(55)
calls=1 0 0
52 47
cfl=(2)
cfn=(55)
calls=1 0 0
52 48
cfl=(2)
cfn=(55)
calls=1 0 0
52 49
cfl=(2)
cfn=(55)
calls=1 0 0
52 49
cfl=(2)
cfn=(55)
calls=1 0 0
52 48
cfl=(2)
cfn=(55)
calls=1 0 0
52 49
cfl=(2)
cfn=(55)
calls=1 0 0
52 48
cfl=(2)
cfn=(55)
calls=1 0 0
52 48
cfl=(2)
cfn=(55)
calls=1 0 0
52 49
cfl=(2)
cfn=(55)
calls=1 0 0
52 49
cfl=(2)
cfn=(55)
calls=1 0 0
52 48
cfl=(2)
cfn=(55)
calls=1 0 0
52 56
cfl=(2)
cfn=(55)
calls=1 0 0
52 50
cfl=(2)
cfn=(55)
calls=1 0 0
52 48
cfl=(2)
cfn=(55)
calls=1 0 0
52 48
cfl=(2)
cfn=(55)
calls=1 0 0
52 49
cfl=(2)
cfn=(55)
calls=1 0 0
52 49
cfl=(2)
cfn=(55)
calls=1 0 0
52 49
cfl=(2)
cfn=(55)
calls=1 0 0
52 47
cfl=(2)
cfn=(55)
calls=1 0 0
52 48
cfl=(2)
cfn=(55)
calls=1 0 0
52 47
cfl=(2)
cfn=(55)
calls=1 0 0
52 48
cfl=(2)
cfn=(55)
calls=1 0 0
52 49
cfl=(2)
cfn=(55)
calls=1 0 0
52 48
cfl=(2)
cfn=(55)
calls=1 0 0
52 48
cfl=(2)
cfn=(55)
calls=1 0 0
52 49
cfl=(2)
cfn=(55)
calls=1 0 0
52 49
cfl=(2)
cfn=(55)
calls=1 0 0
52 48
cfl=(2)
cfn=(55)
calls=1 0 0
52 48
cfl=(2)
cfn=(55)
calls=1 0 0
52 47
cfl=(2)
cfn=(55)
calls=1 0 0
52 49
cfl=(2)
cfn=(55)
calls=1 0 0
52 49
cfl=(2)
cfn=(55)
calls=1 0 0
52 47
cfl=(2)
cfn=(55)
calls=1 0 0
52 48
cfl=(2)
cfn=(55)
calls=1 0 0
52 48
cfl=(2)
cfn=(55)
calls=1 0 0
52 49
cfl=(2)
cfn=(55)
calls=1 0 0
52 48
cfl=(2)
cfn=(55)
calls=1 0 0
52 47
cfl=(2)
cfn=(55)
calls=1 0 0
52 48
cfl=(2)
cfn=(55)
calls=1 0 0
52 47
cfl=(2)
cfn=(55)
calls=1 0 0
52 48
cfl=(2)
cfn=(55)
calls=1 0 0
52 49

fl=(12)
fn=(57) SameAsLite\Store->__destruct
158 565

