version: 1
creator: xdebug 2.3.2
cmd: /var/www/html/sameas-lite/profile/QuerySymbol.php
part: 1
positions: line

events: Time

fl=(1) /var/www/html/sameas-lite/vendor/composer/autoload_real.php
fn=(1) require_once::/var/www/html/sameas-lite/vendor/composer/autoload_real.php
1 0

fl=(2) php:internal
fn=(2) php::spl_autoload_register
22 8

fl=(3) /var/www/html/sameas-lite/vendor/composer/ClassLoader.php
fn=(3) require::/var/www/html/sameas-lite/vendor/composer/ClassLoader.php
1 0

fl=(1)
fn=(4) ComposerAutoloaderInit8c21d59468a1b346516972e73914d46d::loadClassLoader
9 414
cfl=(3)
cfn=(3)
calls=1 0 0
12 0

fl=(2)
fn=(5) php::spl_autoload_call
23 20
cfl=(1)
cfn=(4)
calls=1 0 0
23 415

fl=(2)
fn=(6) php::spl_autoload_unregister
24 0

fl=(2)
fn=(7) php::dirname
5 3

fl=(2)
fn=(7)
5 0

fl=(2)
fn=(7)
6 0

fl=(4) /var/www/html/sameas-lite/vendor/composer/include_paths.php
fn=(8) require::/var/www/html/sameas-lite/vendor/composer/include_paths.php
1 47
cfl=(2)
cfn=(7)
calls=1 0 0
5 3
cfl=(2)
cfn=(7)
calls=1 0 0
5 0
cfl=(2)
cfn=(7)
calls=1 0 0
6 0

fl=(2)
fn=(9) php::get_include_path
27 0

fl=(2)
fn=(10) php::array_push
27 3

fl=(2)
fn=(11) php::join
28 2

fl=(2)
fn=(12) php::set_include_path
28 0

fl=(2)
fn=(7)
5 0

fl=(2)
fn=(7)
5 0

fl=(2)
fn=(7)
6 0

fl=(5) /var/www/html/sameas-lite/vendor/composer/autoload_namespaces.php
fn=(13) require::/var/www/html/sameas-lite/vendor/composer/autoload_namespaces.php
1 66
cfl=(2)
cfn=(7)
calls=1 0 0
5 0
cfl=(2)
cfn=(7)
calls=1 0 0
5 0
cfl=(2)
cfn=(7)
calls=1 0 0
6 0

fl=(3)
fn=(14) Composer\Autoload\ClassLoader->set
200 20

fl=(3)
fn=(14)
200 1

fl=(3)
fn=(14)
200 1

fl=(3)
fn=(14)
200 1

fl=(3)
fn=(14)
200 0

fl=(3)
fn=(14)
200 0

fl=(3)
fn=(14)
200 0

fl=(3)
fn=(14)
200 0

fl=(3)
fn=(14)
200 0

fl=(3)
fn=(14)
200 0

fl=(3)
fn=(14)
200 0

fl=(3)
fn=(14)
200 1

fl=(3)
fn=(14)
200 0

fl=(3)
fn=(14)
200 0

fl=(3)
fn=(14)
200 0

fl=(3)
fn=(14)
200 1

fl=(3)
fn=(14)
200 0

fl=(3)
fn=(14)
200 0

fl=(3)
fn=(14)
200 0

fl=(3)
fn=(14)
200 1

fl=(3)
fn=(14)
200 1

fl=(3)
fn=(14)
200 0

fl=(3)
fn=(14)
200 2

fl=(3)
fn=(14)
200 0

fl=(3)
fn=(14)
200 0

fl=(3)
fn=(14)
200 0

fl=(3)
fn=(14)
200 0

fl=(3)
fn=(14)
200 0

fl=(3)
fn=(14)
200 1

fl=(3)
fn=(14)
200 9

fl=(3)
fn=(14)
200 0

fl=(3)
fn=(14)
200 0

fl=(3)
fn=(14)
200 0

fl=(3)
fn=(14)
200 0

fl=(3)
fn=(14)
200 0

fl=(3)
fn=(14)
200 0

fl=(3)
fn=(14)
200 0

fl=(3)
fn=(14)
200 3

fl=(3)
fn=(14)
200 0

fl=(3)
fn=(14)
200 1

fl=(2)
fn=(7)
5 0

fl=(2)
fn=(7)
5 0

fl=(2)
fn=(7)
6 0

fl=(6) /var/www/html/sameas-lite/vendor/composer/autoload_psr4.php
fn=(15) require::/var/www/html/sameas-lite/vendor/composer/autoload_psr4.php
1 49
cfl=(2)
cfn=(7)
calls=1 0 0
5 0
cfl=(2)
cfn=(7)
calls=1 0 0
5 0
cfl=(2)
cfn=(7)
calls=1 0 0
6 0

fl=(2)
fn=(16) php::strlen
223 0

fl=(3)
fn=(17) Composer\Autoload\ClassLoader->setPsr4
218 19
cfl=(2)
cfn=(16)
calls=1 0 0
223 0

fl=(2)
fn=(16)
223 0

fl=(3)
fn=(17)
218 12
cfl=(2)
cfn=(16)
calls=1 0 0
223 0

fl=(2)
fn=(16)
223 1

fl=(3)
fn=(17)
218 10
cfl=(2)
cfn=(16)
calls=1 0 0
223 1

fl=(2)
fn=(16)
223 0

fl=(3)
fn=(17)
218 11
cfl=(2)
cfn=(16)
calls=1 0 0
223 0

fl=(2)
fn=(16)
223 0

fl=(3)
fn=(17)
218 11
cfl=(2)
cfn=(16)
calls=1 0 0
223 0

fl=(2)
fn=(16)
223 0

fl=(3)
fn=(17)
218 10
cfl=(2)
cfn=(16)
calls=1 0 0
223 0

fl=(2)
fn=(16)
223 0

fl=(3)
fn=(17)
218 11
cfl=(2)
cfn=(16)
calls=1 0 0
223 0

fl=(2)
fn=(16)
223 0

fl=(3)
fn=(17)
218 11
cfl=(2)
cfn=(16)
calls=1 0 0
223 0

fl=(2)
fn=(16)
223 0

fl=(3)
fn=(17)
218 11
cfl=(2)
cfn=(16)
calls=1 0 0
223 0

fl=(2)
fn=(16)
223 1

fl=(3)
fn=(17)
218 9
cfl=(2)
cfn=(16)
calls=1 0 0
223 1

fl=(2)
fn=(16)
223 0

fl=(3)
fn=(17)
218 15
cfl=(2)
cfn=(16)
calls=1 0 0
223 0

fl=(2)
fn=(16)
223 0

fl=(3)
fn=(17)
218 10
cfl=(2)
cfn=(16)
calls=1 0 0
223 0

fl=(2)
fn=(16)
223 1

fl=(3)
fn=(17)
218 10
cfl=(2)
cfn=(16)
calls=1 0 0
223 1

fl=(2)
fn=(16)
223 0

fl=(3)
fn=(17)
218 10
cfl=(2)
cfn=(16)
calls=1 0 0
223 0

fl=(2)
fn=(16)
223 0

fl=(3)
fn=(17)
218 11
cfl=(2)
cfn=(16)
calls=1 0 0
223 0

fl=(2)
fn=(16)
223 0

fl=(3)
fn=(17)
218 11
cfl=(2)
cfn=(16)
calls=1 0 0
223 0

fl=(2)
fn=(16)
223 0

fl=(3)
fn=(17)
218 12
cfl=(2)
cfn=(16)
calls=1 0 0
223 0

fl=(2)
fn=(7)
5 1

fl=(2)
fn=(7)
5 0

fl=(2)
fn=(7)
6 0

fl=(7) /var/www/html/sameas-lite/vendor/composer/autoload_classmap.php
fn=(18) require::/var/www/html/sameas-lite/vendor/composer/autoload_classmap.php
1 500
cfl=(2)
cfn=(7)
calls=1 0 0
5 1
cfl=(2)
cfn=(7)
calls=1 0 0
5 0
cfl=(2)
cfn=(7)
calls=1 0 0
6 0

fl=(3)
fn=(19) Composer\Autoload\ClassLoader->addClassMap
91 10

fl=(2)
fn=(2)
281 5

fl=(3)
fn=(20) Composer\Autoload\ClassLoader->register
279 20
cfl=(2)
cfn=(2)
calls=1 0 0
281 5

fl=(2)
fn=(7)
5 0

fl=(2)
fn=(7)
5 0

fl=(2)
fn=(7)
6 0

fl=(8) /var/www/html/sameas-lite/vendor/composer/autoload_files.php
fn=(21) require::/var/www/html/sameas-lite/vendor/composer/autoload_files.php
1 41
cfl=(2)
cfn=(7)
calls=1 0 0
5 0
cfl=(2)
cfn=(7)
calls=1 0 0
5 0
cfl=(2)
cfn=(7)
calls=1 0 0
6 0

fl=(2)
fn=(22) php::defined
3 5

fl=(2)
fn=(23) php::phpversion
10 0

fl=(2)
fn=(24) php::version_compare
10 5

fl=(2)
fn=(25) php::define
10 1

fl=(9) /var/www/html/sameas-lite/vendor/herrera-io/json/src/lib/json_version.php
fn=(26) require::/var/www/html/sameas-lite/vendor/herrera-io/json/src/lib/json_version.php
1 56
cfl=(2)
cfn=(22)
calls=1 0 0
3 5
cfl=(2)
cfn=(23)
calls=1 0 0
10 0
cfl=(2)
cfn=(24)
calls=1 0 0
10 5
cfl=(2)
cfn=(25)
calls=1 0 0
10 1

fl=(1)
fn=(27) composerRequire8c21d59468a1b346516972e73914d46d
56 92
cfl=(9)
cfn=(26)
calls=1 0 0
58 67

fl=(2)
fn=(22)
3 0

fl=(2)
fn=(25)
10 0

fl=(10) /var/www/html/sameas-lite/vendor/herrera-io/phar-update/src/lib/constants.php
fn=(28) require::/var/www/html/sameas-lite/vendor/herrera-io/phar-update/src/lib/constants.php
1 28
cfl=(2)
cfn=(22)
calls=1 0 0
3 0
cfl=(2)
cfn=(25)
calls=1 0 0
10 0

fl=(1)
fn=(27)
56 68
cfl=(10)
cfn=(28)
calls=1 0 0
58 30

fl=(1)
fn=(29) ComposerAutoloaderInit8c21d59468a1b346516972e73914d46d::getLoader
16 31509
cfl=(2)
cfn=(2)
calls=1 0 0
22 8
cfl=(2)
cfn=(5)
calls=1 0 0
23 436
cfl=(2)
cfn=(6)
calls=1 0 0
24 0
cfl=(4)
cfn=(8)
calls=1 0 0
26 51
cfl=(2)
cfn=(9)
calls=1 0 0
27 0
cfl=(2)
cfn=(10)
calls=1 0 0
27 3
cfl=(2)
cfn=(11)
calls=1 0 0
28 2
cfl=(2)
cfn=(12)
calls=1 0 0
28 0
cfl=(5)
cfn=(13)
calls=1 0 0
30 67
cfl=(3)
cfn=(14)
calls=1 0 0
32 20
cfl=(3)
cfn=(14)
calls=1 0 0
32 1
cfl=(3)
cfn=(14)
calls=1 0 0
32 1
cfl=(3)
cfn=(14)
calls=1 0 0
32 1
cfl=(3)
cfn=(14)
calls=1 0 0
32 0
cfl=(3)
cfn=(14)
calls=1 0 0
32 0
cfl=(3)
cfn=(14)
calls=1 0 0
32 0
cfl=(3)
cfn=(14)
calls=1 0 0
32 0
cfl=(3)
cfn=(14)
calls=1 0 0
32 0
cfl=(3)
cfn=(14)
calls=1 0 0
32 0
cfl=(3)
cfn=(14)
calls=1 0 0
32 0
cfl=(3)
cfn=(14)
calls=1 0 0
32 1
cfl=(3)
cfn=(14)
calls=1 0 0
32 0
cfl=(3)
cfn=(14)
calls=1 0 0
32 0
cfl=(3)
cfn=(14)
calls=1 0 0
32 0
cfl=(3)
cfn=(14)
calls=1 0 0
32 1
cfl=(3)
cfn=(14)
calls=1 0 0
32 0
cfl=(3)
cfn=(14)
calls=1 0 0
32 0
cfl=(3)
cfn=(14)
calls=1 0 0
32 0
cfl=(3)
cfn=(14)
calls=1 0 0
32 1
cfl=(3)
cfn=(14)
calls=1 0 0
32 1
cfl=(3)
cfn=(14)
calls=1 0 0
32 0
cfl=(3)
cfn=(14)
calls=1 0 0
32 2
cfl=(3)
cfn=(14)
calls=1 0 0
32 0
cfl=(3)
cfn=(14)
calls=1 0 0
32 0
cfl=(3)
cfn=(14)
calls=1 0 0
32 0
cfl=(3)
cfn=(14)
calls=1 0 0
32 0
cfl=(3)
cfn=(14)
calls=1 0 0
32 0
cfl=(3)
cfn=(14)
calls=1 0 0
32 1
cfl=(3)
cfn=(14)
calls=1 0 0
32 9
cfl=(3)
cfn=(14)
calls=1 0 0
32 0
cfl=(3)
cfn=(14)
calls=1 0 0
32 0
cfl=(3)
cfn=(14)
calls=1 0 0
32 0
cfl=(3)
cfn=(14)
calls=1 0 0
32 0
cfl=(3)
cfn=(14)
calls=1 0 0
32 0
cfl=(3)
cfn=(14)
calls=1 0 0
32 0
cfl=(3)
cfn=(14)
calls=1 0 0
32 0
cfl=(3)
cfn=(14)
calls=1 0 0
32 3
cfl=(3)
cfn=(14)
calls=1 0 0
32 0
cfl=(3)
cfn=(14)
calls=1 0 0
32 1
cfl=(6)
cfn=(15)
calls=1 0 0
35 50
cfl=(3)
cfn=(17)
calls=1 0 0
37 19
cfl=(3)
cfn=(17)
calls=1 0 0
37 12
cfl=(3)
cfn=(17)
calls=1 0 0
37 12
cfl=(3)
cfn=(17)
calls=1 0 0
37 11
cfl=(3)
cfn=(17)
calls=1 0 0
37 11
cfl=(3)
cfn=(17)
calls=1 0 0
37 10
cfl=(3)
cfn=(17)
calls=1 0 0
37 11
cfl=(3)
cfn=(17)
calls=1 0 0
37 11
cfl=(3)
cfn=(17)
calls=1 0 0
37 11
cfl=(3)
cfn=(17)
calls=1 0 0
37 10
cfl=(3)
cfn=(17)
calls=1 0 0
37 15
cfl=(3)
cfn=(17)
calls=1 0 0
37 10
cfl=(3)
cfn=(17)
calls=1 0 0
37 12
cfl=(3)
cfn=(17)
calls=1 0 0
37 10
cfl=(3)
cfn=(17)
calls=1 0 0
37 11
cfl=(3)
cfn=(17)
calls=1 0 0
37 11
cfl=(3)
cfn=(17)
calls=1 0 0
37 12
cfl=(7)
cfn=(18)
calls=1 0 0
40 503
cfl=(3)
cfn=(19)
calls=1 0 0
42 10
cfl=(3)
cfn=(20)
calls=1 0 0
45 25
cfl=(8)
cfn=(21)
calls=1 0 0
47 42
cfl=(1)
cfn=(27)
calls=1 0 0
49 160
cfl=(1)
cfn=(27)
calls=1 0 0
49 98

fl=(11) /var/www/html/sameas-lite/vendor/autoload.php
fn=(30) require_once::/var/www/html/sameas-lite/vendor/autoload.php
1 626
cfl=(1)
cfn=(1)
calls=1 0 0
5 0
cfl=(1)
cfn=(29)
calls=1 0 0
7 33256

fl=(2)
fn=(31) php::strtr
347 2

fl=(2)
fn=(32) php::strpos
352 2

fl=(2)
fn=(32)
352 0

fl=(2)
fn=(32)
352 0

fl=(2)
fn=(32)
352 0

fl=(2)
fn=(33) php::substr
354 2

fl=(2)
fn=(34) php::file_exists
354 10

fl=(3)
fn=(35) Composer\Autoload\ClassLoader->findFileWithExtension
344 88
cfl=(2)
cfn=(31)
calls=1 0 0
347 2
cfl=(2)
cfn=(32)
calls=1 0 0
352 2
cfl=(2)
cfn=(32)
calls=1 0 0
352 0
cfl=(2)
cfn=(32)
calls=1 0 0
352 0
cfl=(2)
cfn=(32)
calls=1 0 0
352 0
cfl=(2)
cfn=(33)
calls=1 0 0
354 2
cfl=(2)
cfn=(34)
calls=1 0 0
354 10

fl=(3)
fn=(36) Composer\Autoload\ClassLoader->findFile
314 66
cfl=(3)
cfn=(35)
calls=1 0 0
329 107

fl=(2)
fn=(31)
347 0

fl=(2)
fn=(32)
352 0

fl=(2)
fn=(32)
352 0

fl=(2)
fn=(32)
352 0

fl=(2)
fn=(32)
352 0

fl=(2)
fn=(33)
354 1

fl=(2)
fn=(34)
354 3

fl=(3)
fn=(35)
344 85
cfl=(2)
cfn=(31)
calls=1 0 0
347 0
cfl=(2)
cfn=(32)
calls=1 0 0
352 0
cfl=(2)
cfn=(32)
calls=1 0 0
352 0
cfl=(2)
cfn=(32)
calls=1 0 0
352 0
cfl=(2)
cfn=(32)
calls=1 0 0
352 0
cfl=(2)
cfn=(33)
calls=1 0 0
354 1
cfl=(2)
cfn=(34)
calls=1 0 0
354 3

fl=(3)
fn=(36)
314 55
cfl=(3)
cfn=(35)
calls=1 0 0
329 92

fl=(12) /var/www/html/sameas-lite/src/Store.php
fn=(37) include::/var/www/html/sameas-lite/src/Store.php
1 1

fl=(3)
fn=(38) Composer\Autoload\includeFile
410 1061
cfl=(12)
cfn=(37)
calls=1 0 0
412 1

fl=(3)
fn=(39) Composer\Autoload\ClassLoader->loadClass
298 35
cfl=(3)
cfn=(36)
calls=1 0 0
300 148
cfl=(3)
cfn=(38)
calls=1 0 0
301 1063

fl=(2)
fn=(5)
45 27
cfl=(3)
cfn=(39)
calls=1 0 0
45 1247

fl=(13) /var/www/html/sameas-lite/src/MySqlStore.php
fn=(40) include::/var/www/html/sameas-lite/src/MySqlStore.php
1 29
cfl=(2)
cfn=(5)
calls=1 0 0
45 1275

fl=(3)
fn=(38)
410 214
cfl=(13)
cfn=(40)
calls=1 0 0
412 1304

fl=(3)
fn=(39)
298 30
cfl=(3)
cfn=(36)
calls=1 0 0
300 173
cfl=(3)
cfn=(38)
calls=1 0 0
301 1518

fl=(2)
fn=(5)
48 21
cfl=(3)
cfn=(39)
calls=1 0 0
48 1722

fl=(2)
fn=(32)
83 0

fl=(2)
fn=(33)
84 0

fl=(13)
fn=(41) SameAsLite\MySqlStore->getDsnPrefix
77 0

fl=(2)
fn=(42) php::preg_match
98 62

fl=(12)
fn=(43) SameAsLite\Store->__construct
80 59
cfl=(2)
cfn=(32)
calls=1 0 0
83 0
cfl=(2)
cfn=(33)
calls=1 0 0
84 0
cfl=(13)
cfn=(41)
calls=1 0 0
90 0
cfl=(2)
cfn=(42)
calls=1 0 0
98 62

fl=(13)
fn=(44) SameAsLite\MySqlStore->__construct
59 39
cfl=(12)
cfn=(43)
calls=1 0 0
70 123

fl=(2)
fn=(45) php::PDO->__construct
125 1190

fl=(2)
fn=(46) php::PDO->setAttribute
134 1

fl=(2)
fn=(47) php::PDO->exec
89 68

fl=(13)
fn=(48) SameAsLite\MySqlStore->useDatabase
86 23
cfl=(2)
cfn=(47)
calls=1 0 0
89 68

fl=(13)
fn=(49) SameAsLite\MySqlStore->getCreateTablesSql
102 1

fl=(2)
fn=(47)
142 144

fl=(12)
fn=(50) SameAsLite\Store->connect
115 120
cfl=(2)
cfn=(45)
calls=1 0 0
125 1190
cfl=(2)
cfn=(46)
calls=1 0 0
134 1
cfl=(13)
cfn=(48)
calls=1 0 0
137 92
cfl=(13)
cfn=(49)
calls=1 0 0
141 1
cfl=(2)
cfn=(47)
calls=1 0 0
142 144

fl=(2)
fn=(51) php::PDO->prepare
186 6

fl=(2)
fn=(52) php::PDOStatement->execute
187 70

fl=(2)
fn=(53) php::PDOStatement->fetchAll
188 97

fl=(12)
fn=(54) SameAsLite\Store->querySymbol
174 219
cfl=(12)
cfn=(50)
calls=1 0 0
178 1550
cfl=(2)
cfn=(51)
calls=1 0 0
186 6
cfl=(2)
cfn=(52)
calls=1 0 0
187 70
cfl=(2)
cfn=(53)
calls=1 0 0
188 97

fl=(2)
fn=(55) php::print_r
52 147

fl=(2)
fn=(55)
52 82

fl=(2)
fn=(55)
52 77

fl=(2)
fn=(55)
52 75

fl=(2)
fn=(55)
52 73

fl=(2)
fn=(55)
52 77

fl=(2)
fn=(55)
52 79

fl=(2)
fn=(55)
52 75

fl=(2)
fn=(55)
52 74

fl=(2)
fn=(55)
52 75

fl=(2)
fn=(55)
52 79

fl=(2)
fn=(55)
52 74

fl=(2)
fn=(55)
52 73

fl=(2)
fn=(55)
52 72

fl=(2)
fn=(55)
52 80

fl=(2)
fn=(55)
52 116

fl=(2)
fn=(55)
52 222

fl=(2)
fn=(55)
52 785

fl=(2)
fn=(55)
52 76

fl=(2)
fn=(55)
52 58

fl=(2)
fn=(55)
52 66

fl=(2)
fn=(55)
52 66

fl=(2)
fn=(55)
52 72

fl=(2)
fn=(55)
52 66

fl=(2)
fn=(55)
52 50

fl=(2)
fn=(55)
52 51

fl=(2)
fn=(55)
52 51

fl=(2)
fn=(55)
52 51

fl=(2)
fn=(55)
52 51

fl=(2)
fn=(55)
52 51

fl=(2)
fn=(55)
52 55

fl=(2)
fn=(55)
52 66

fl=(2)
fn=(55)
52 62

fl=(2)
fn=(55)
52 57

fl=(2)
fn=(55)
52 56

fl=(2)
fn=(55)
52 61

fl=(2)
fn=(55)
52 66

fl=(2)
fn=(55)
52 68

fl=(2)
fn=(55)
52 509

fl=(2)
fn=(55)
52 145

fl=(2)
fn=(55)
52 99

fl=(2)
fn=(55)
52 102

fl=(2)
fn=(55)
52 102

fl=(2)
fn=(55)
52 90

fl=(2)
fn=(55)
52 82

fl=(2)
fn=(55)
52 84

fl=(2)
fn=(55)
52 81

fl=(2)
fn=(55)
52 85

fl=(2)
fn=(55)
52 82

fl=(2)
fn=(55)
52 84

fl=(2)
fn=(55)
52 85

fl=(2)
fn=(55)
52 82

fl=(2)
fn=(55)
52 90

fl=(2)
fn=(55)
52 416

fl=(2)
fn=(55)
52 134

fl=(2)
fn=(55)
52 108

fl=(2)
fn=(55)
52 102

fl=(2)
fn=(55)
52 97

fl=(2)
fn=(55)
52 97

fl=(2)
fn=(55)
52 94

fl=(2)
fn=(55)
52 94

fl=(2)
fn=(55)
52 98

fl=(2)
fn=(55)
52 92

fl=(2)
fn=(55)
52 85

fl=(2)
fn=(55)
52 86

fl=(2)
fn=(55)
52 96

fl=(2)
fn=(55)
52 87

fl=(2)
fn=(55)
52 97

fl=(2)
fn=(55)
52 121

fl=(2)
fn=(55)
52 310

fl=(2)
fn=(55)
52 74

fl=(2)
fn=(55)
52 67

fl=(2)
fn=(55)
52 69

fl=(2)
fn=(55)
52 69

fl=(2)
fn=(55)
52 68

fl=(2)
fn=(55)
52 63

fl=(2)
fn=(55)
52 78

fl=(2)
fn=(55)
52 67

fl=(2)
fn=(55)
52 69

fl=(2)
fn=(55)
52 70

fl=(2)
fn=(55)
52 68

fl=(2)
fn=(55)
52 68

fl=(2)
fn=(55)
52 67

fl=(2)
fn=(55)
52 77

fl=(2)
fn=(55)
52 67

fl=(2)
fn=(55)
52 69

fl=(2)
fn=(55)
52 69

fl=(2)
fn=(55)
52 70

fl=(2)
fn=(55)
52 70

fl=(2)
fn=(55)
52 108

fl=(2)
fn=(55)
52 77

fl=(2)
fn=(55)
52 72

fl=(2)
fn=(55)
52 72

fl=(2)
fn=(55)
52 72

fl=(2)
fn=(55)
52 72

fl=(2)
fn=(55)
52 70

fl=(2)
fn=(55)
52 78

fl=(2)
fn=(55)
52 144

fl=(2)
fn=(55)
52 73

fl=(2)
fn=(55)
52 70

fl=(2)
fn=(55)
52 70

fl=(14) /var/www/html/sameas-lite/profile/QuerySymbol.php
fn=(56) {main}

summary: 51356

1 3723
cfl=(11)
cfn=(30)
calls=1 0 0
39 33883
cfl=(2)
cfn=(5)
calls=1 0 0
48 1744
cfl=(13)
cfn=(44)
calls=1 0 0
48 163
cfl=(12)
cfn=(54)
calls=1 0 0
49 1943
cfl=(2)
cfn=(55)
calls=1 0 0
52 147
cfl=(2)
cfn=(55)
calls=1 0 0
52 82
cfl=(2)
cfn=(55)
calls=1 0 0
52 77
cfl=(2)
cfn=(55)
calls=1 0 0
52 75
cfl=(2)
cfn=(55)
calls=1 0 0
52 73
cfl=(2)
cfn=(55)
calls=1 0 0
52 77
cfl=(2)
cfn=(55)
calls=1 0 0
52 79
cfl=(2)
cfn=(55)
calls=1 0 0
52 75
cfl=(2)
cfn=(55)
calls=1 0 0
52 74
cfl=(2)
cfn=(55)
calls=1 0 0
52 75
cfl=(2)
cfn=(55)
calls=1 0 0
52 79
cfl=(2)
cfn=(55)
calls=1 0 0
52 74
cfl=(2)
cfn=(55)
calls=1 0 0
52 73
cfl=(2)
cfn=(55)
calls=1 0 0
52 72
cfl=(2)
cfn=(55)
calls=1 0 0
52 80
cfl=(2)
cfn=(55)
calls=1 0 0
52 116
cfl=(2)
cfn=(55)
calls=1 0 0
52 222
cfl=(2)
cfn=(55)
calls=1 0 0
52 785
cfl=(2)
cfn=(55)
calls=1 0 0
52 76
cfl=(2)
cfn=(55)
calls=1 0 0
52 58
cfl=(2)
cfn=(55)
calls=1 0 0
52 66
cfl=(2)
cfn=(55)
calls=1 0 0
52 66
cfl=(2)
cfn=(55)
calls=1 0 0
52 72
cfl=(2)
cfn=(55)
calls=1 0 0
52 66
cfl=(2)
cfn=(55)
calls=1 0 0
52 50
cfl=(2)
cfn=(55)
calls=1 0 0
52 51
cfl=(2)
cfn=(55)
calls=1 0 0
52 51
cfl=(2)
cfn=(55)
calls=1 0 0
52 51
cfl=(2)
cfn=(55)
calls=1 0 0
52 51
cfl=(2)
cfn=(55)
calls=1 0 0
52 51
cfl=(2)
cfn=(55)
calls=1 0 0
52 55
cfl=(2)
cfn=(55)
calls=1 0 0
52 66
cfl=(2)
cfn=(55)
calls=1 0 0
52 62
cfl=(2)
cfn=(55)
calls=1 0 0
52 57
cfl=(2)
cfn=(55)
calls=1 0 0
52 56
cfl=(2)
cfn=(55)
calls=1 0 0
52 61
cfl=(2)
cfn=(55)
calls=1 0 0
52 66
cfl=(2)
cfn=(55)
calls=1 0 0
52 68
cfl=(2)
cfn=(55)
calls=1 0 0
52 509
cfl=(2)
cfn=(55)
calls=1 0 0
52 145
cfl=(2)
cfn=(55)
calls=1 0 0
52 99
cfl=(2)
cfn=(55)
calls=1 0 0
52 102
cfl=(2)
cfn=(55)
calls=1 0 0
52 102
cfl=(2)
cfn=(55)
calls=1 0 0
52 90
cfl=(2)
cfn=(55)
calls=1 0 0
52 82
cfl=(2)
cfn=(55)
calls=1 0 0
52 84
cfl=(2)
cfn=(55)
calls=1 0 0
52 81
cfl=(2)
cfn=(55)
calls=1 0 0
52 85
cfl=(2)
cfn=(55)
calls=1 0 0
52 82
cfl=(2)
cfn=(55)
calls=1 0 0
52 84
cfl=(2)
cfn=(55)
calls=1 0 0
52 85
cfl=(2)
cfn=(55)
calls=1 0 0
52 82
cfl=(2)
cfn=(55)
calls=1 0 0
52 90
cfl=(2)
cfn=(55)
calls=1 0 0
52 416
cfl=(2)
cfn=(55)
calls=1 0 0
52 134
cfl=(2)
cfn=(55)
calls=1 0 0
52 108
cfl=(2)
cfn=(55)
calls=1 0 0
52 102
cfl=(2)
cfn=(55)
calls=1 0 0
52 97
cfl=(2)
cfn=(55)
calls=1 0 0
52 97
cfl=(2)
cfn=(55)
calls=1 0 0
52 94
cfl=(2)
cfn=(55)
calls=1 0 0
52 94
cfl=(2)
cfn=(55)
calls=1 0 0
52 98
cfl=(2)
cfn=(55)
calls=1 0 0
52 92
cfl=(2)
cfn=(55)
calls=1 0 0
52 85
cfl=(2)
cfn=(55)
calls=1 0 0
52 86
cfl=(2)
cfn=(55)
calls=1 0 0
52 96
cfl=(2)
cfn=(55)
calls=1 0 0
52 87
cfl=(2)
cfn=(55)
calls=1 0 0
52 97
cfl=(2)
cfn=(55)
calls=1 0 0
52 121
cfl=(2)
cfn=(55)
calls=1 0 0
52 310
cfl=(2)
cfn=(55)
calls=1 0 0
52 74
cfl=(2)
cfn=(55)
calls=1 0 0
52 67
cfl=(2)
cfn=(55)
calls=1 0 0
52 69
cfl=(2)
cfn=(55)
calls=1 0 0
52 69
cfl=(2)
cfn=(55)
calls=1 0 0
52 68
cfl=(2)
cfn=(55)
calls=1 0 0
52 63
cfl=(2)
cfn=(55)
calls=1 0 0
52 78
cfl=(2)
cfn=(55)
calls=1 0 0
52 67
cfl=(2)
cfn=(55)
calls=1 0 0
52 69
cfl=(2)
cfn=(55)
calls=1 0 0
52 70
cfl=(2)
cfn=(55)
calls=1 0 0
52 68
cfl=(2)
cfn=(55)
calls=1 0 0
52 68
cfl=(2)
cfn=(55)
calls=1 0 0
52 67
cfl=(2)
cfn=(55)
calls=1 0 0
52 77
cfl=(2)
cfn=(55)
calls=1 0 0
52 67
cfl=(2)
cfn=(55)
calls=1 0 0
52 69
cfl=(2)
cfn=(55)
calls=1 0 0
52 69
cfl=(2)
cfn=(55)
calls=1 0 0
52 70
cfl=(2)
cfn=(55)
calls=1 0 0
52 70
cfl=(2)
cfn=(55)
calls=1 0 0
52 108
cfl=(2)
cfn=(55)
calls=1 0 0
52 77
cfl=(2)
cfn=(55)
calls=1 0 0
52 72
cfl=(2)
cfn=(55)
calls=1 0 0
52 72
cfl=(2)
cfn=(55)
calls=1 0 0
52 72
cfl=(2)
cfn=(55)
calls=1 0 0
52 72
cfl=(2)
cfn=(55)
calls=1 0 0
52 70
cfl=(2)
cfn=(55)
calls=1 0 0
52 78
cfl=(2)
cfn=(55)
calls=1 0 0
52 144
cfl=(2)
cfn=(55)
calls=1 0 0
52 73
cfl=(2)
cfn=(55)
calls=1 0 0
52 70
cfl=(2)
cfn=(55)
calls=1 0 0
52 70

fl=(12)
fn=(57) SameAsLite\Store->__destruct
158 265

