version: 1
creator: xdebug 2.3.2
cmd: /var/www/html/sameas-lite/profile/QuerySymbol.php
part: 1
positions: line

events: Time

fl=(1) /var/www/html/sameas-lite/vendor/composer/autoload_real.php
fn=(1) require_once::/var/www/html/sameas-lite/vendor/composer/autoload_real.php
1 1

fl=(2) php:internal
fn=(2) php::spl_autoload_register
22 10

fl=(3) /var/www/html/sameas-lite/vendor/composer/ClassLoader.php
fn=(3) require::/var/www/html/sameas-lite/vendor/composer/ClassLoader.php
1 0

fl=(1)
fn=(4) ComposerAutoloaderInit8c21d59468a1b346516972e73914d46d::loadClassLoader
9 417
cfl=(3)
cfn=(3)
calls=1 0 0
12 0

fl=(2)
fn=(5) php::spl_autoload_call
23 19
cfl=(1)
cfn=(4)
calls=1 0 0
23 418

fl=(2)
fn=(6) php::spl_autoload_unregister
24 2

fl=(2)
fn=(7) php::dirname
5 4

fl=(2)
fn=(7)
5 0

fl=(2)
fn=(7)
6 0

fl=(4) /var/www/html/sameas-lite/vendor/composer/include_paths.php
fn=(8) require::/var/www/html/sameas-lite/vendor/composer/include_paths.php
1 43
cfl=(2)
cfn=(7)
calls=1 0 0
5 4
cfl=(2)
cfn=(7)
calls=1 0 0
5 0
cfl=(2)
cfn=(7)
calls=1 0 0
6 0

fl=(2)
fn=(9) php::get_include_path
27 0

fl=(2)
fn=(10) php::array_push
27 1

fl=(2)
fn=(11) php::join
28 2

fl=(2)
fn=(12) php::set_include_path
28 0

fl=(2)
fn=(7)
5 0

fl=(2)
fn=(7)
5 0

fl=(2)
fn=(7)
6 0

fl=(5) /var/www/html/sameas-lite/vendor/composer/autoload_namespaces.php
fn=(13) require::/var/www/html/sameas-lite/vendor/composer/autoload_namespaces.php
1 56
cfl=(2)
cfn=(7)
calls=1 0 0
5 0
cfl=(2)
cfn=(7)
calls=1 0 0
5 0
cfl=(2)
cfn=(7)
calls=1 0 0
6 0

fl=(3)
fn=(14) Composer\Autoload\ClassLoader->set
200 23

fl=(3)
fn=(14)
200 2

fl=(3)
fn=(14)
200 0

fl=(3)
fn=(14)
200 0

fl=(3)
fn=(14)
200 0

fl=(3)
fn=(14)
200 0

fl=(3)
fn=(14)
200 0

fl=(3)
fn=(14)
200 0

fl=(3)
fn=(14)
200 0

fl=(3)
fn=(14)
200 0

fl=(3)
fn=(14)
200 0

fl=(3)
fn=(14)
200 0

fl=(3)
fn=(14)
200 0

fl=(3)
fn=(14)
200 0

fl=(3)
fn=(14)
200 0

fl=(3)
fn=(14)
200 0

fl=(3)
fn=(14)
200 0

fl=(3)
fn=(14)
200 0

fl=(3)
fn=(14)
200 0

fl=(3)
fn=(14)
200 0

fl=(3)
fn=(14)
200 0

fl=(3)
fn=(14)
200 0

fl=(3)
fn=(14)
200 0

fl=(3)
fn=(14)
200 0

fl=(3)
fn=(14)
200 0

fl=(3)
fn=(14)
200 0

fl=(3)
fn=(14)
200 3

fl=(3)
fn=(14)
200 1

fl=(3)
fn=(14)
200 0

fl=(3)
fn=(14)
200 0

fl=(3)
fn=(14)
200 1

fl=(3)
fn=(14)
200 0

fl=(3)
fn=(14)
200 0

fl=(3)
fn=(14)
200 3

fl=(3)
fn=(14)
200 0

fl=(3)
fn=(14)
200 0

fl=(3)
fn=(14)
200 0

fl=(3)
fn=(14)
200 0

fl=(3)
fn=(14)
200 0

fl=(3)
fn=(14)
200 0

fl=(2)
fn=(7)
5 0

fl=(2)
fn=(7)
5 0

fl=(2)
fn=(7)
6 0

fl=(6) /var/www/html/sameas-lite/vendor/composer/autoload_psr4.php
fn=(15) require::/var/www/html/sameas-lite/vendor/composer/autoload_psr4.php
1 44
cfl=(2)
cfn=(7)
calls=1 0 0
5 0
cfl=(2)
cfn=(7)
calls=1 0 0
5 0
cfl=(2)
cfn=(7)
calls=1 0 0
6 0

fl=(2)
fn=(16) php::strlen
223 0

fl=(3)
fn=(17) Composer\Autoload\ClassLoader->setPsr4
218 18
cfl=(2)
cfn=(16)
calls=1 0 0
223 0

fl=(2)
fn=(16)
223 0

fl=(3)
fn=(17)
218 10
cfl=(2)
cfn=(16)
calls=1 0 0
223 0

fl=(2)
fn=(16)
223 0

fl=(3)
fn=(17)
218 10
cfl=(2)
cfn=(16)
calls=1 0 0
223 0

fl=(2)
fn=(16)
223 0

fl=(3)
fn=(17)
218 10
cfl=(2)
cfn=(16)
calls=1 0 0
223 0

fl=(2)
fn=(16)
223 0

fl=(3)
fn=(17)
218 10
cfl=(2)
cfn=(16)
calls=1 0 0
223 0

fl=(2)
fn=(16)
223 0

fl=(3)
fn=(17)
218 9
cfl=(2)
cfn=(16)
calls=1 0 0
223 0

fl=(2)
fn=(16)
223 0

fl=(3)
fn=(17)
218 10
cfl=(2)
cfn=(16)
calls=1 0 0
223 0

fl=(2)
fn=(16)
223 0

fl=(3)
fn=(17)
218 10
cfl=(2)
cfn=(16)
calls=1 0 0
223 0

fl=(2)
fn=(16)
223 0

fl=(3)
fn=(17)
218 10
cfl=(2)
cfn=(16)
calls=1 0 0
223 0

fl=(2)
fn=(16)
223 0

fl=(3)
fn=(17)
218 12
cfl=(2)
cfn=(16)
calls=1 0 0
223 0

fl=(2)
fn=(16)
223 0

fl=(3)
fn=(17)
218 10
cfl=(2)
cfn=(16)
calls=1 0 0
223 0

fl=(2)
fn=(16)
223 0

fl=(3)
fn=(17)
218 10
cfl=(2)
cfn=(16)
calls=1 0 0
223 0

fl=(2)
fn=(16)
223 0

fl=(3)
fn=(17)
218 10
cfl=(2)
cfn=(16)
calls=1 0 0
223 0

fl=(2)
fn=(16)
223 0

fl=(3)
fn=(17)
218 9
cfl=(2)
cfn=(16)
calls=1 0 0
223 0

fl=(2)
fn=(16)
223 0

fl=(3)
fn=(17)
218 10
cfl=(2)
cfn=(16)
calls=1 0 0
223 0

fl=(2)
fn=(16)
223 0

fl=(3)
fn=(17)
218 10
cfl=(2)
cfn=(16)
calls=1 0 0
223 0

fl=(2)
fn=(16)
223 0

fl=(3)
fn=(17)
218 11
cfl=(2)
cfn=(16)
calls=1 0 0
223 0

fl=(2)
fn=(7)
5 8

fl=(2)
fn=(7)
5 0

fl=(2)
fn=(7)
6 0

fl=(7) /var/www/html/sameas-lite/vendor/composer/autoload_classmap.php
fn=(18) require::/var/www/html/sameas-lite/vendor/composer/autoload_classmap.php
1 1890
cfl=(2)
cfn=(7)
calls=1 0 0
5 8
cfl=(2)
cfn=(7)
calls=1 0 0
5 0
cfl=(2)
cfn=(7)
calls=1 0 0
6 0

fl=(3)
fn=(19) Composer\Autoload\ClassLoader->addClassMap
91 32

fl=(2)
fn=(2)
281 5

fl=(3)
fn=(20) Composer\Autoload\ClassLoader->register
279 18
cfl=(2)
cfn=(2)
calls=1 0 0
281 5

fl=(2)
fn=(7)
5 1

fl=(2)
fn=(7)
5 0

fl=(2)
fn=(7)
6 0

fl=(8) /var/www/html/sameas-lite/vendor/composer/autoload_files.php
fn=(21) require::/var/www/html/sameas-lite/vendor/composer/autoload_files.php
1 42
cfl=(2)
cfn=(7)
calls=1 0 0
5 1
cfl=(2)
cfn=(7)
calls=1 0 0
5 0
cfl=(2)
cfn=(7)
calls=1 0 0
6 0

fl=(2)
fn=(22) php::defined
3 5

fl=(2)
fn=(23) php::phpversion
10 1

fl=(2)
fn=(24) php::version_compare
10 5

fl=(2)
fn=(25) php::define
10 1

fl=(9) /var/www/html/sameas-lite/vendor/herrera-io/json/src/lib/json_version.php
fn=(26) require::/var/www/html/sameas-lite/vendor/herrera-io/json/src/lib/json_version.php
1 56
cfl=(2)
cfn=(22)
calls=1 0 0
3 5
cfl=(2)
cfn=(23)
calls=1 0 0
10 1
cfl=(2)
cfn=(24)
calls=1 0 0
10 5
cfl=(2)
cfn=(25)
calls=1 0 0
10 1

fl=(1)
fn=(27) composerRequire8c21d59468a1b346516972e73914d46d
56 98
cfl=(9)
cfn=(26)
calls=1 0 0
58 69

fl=(2)
fn=(22)
3 2

fl=(2)
fn=(25)
10 0

fl=(10) /var/www/html/sameas-lite/vendor/herrera-io/phar-update/src/lib/constants.php
fn=(28) require::/var/www/html/sameas-lite/vendor/herrera-io/phar-update/src/lib/constants.php
1 28
cfl=(2)
cfn=(22)
calls=1 0 0
3 2
cfl=(2)
cfn=(25)
calls=1 0 0
10 0

fl=(1)
fn=(27)
56 75
cfl=(10)
cfn=(28)
calls=1 0 0
58 31

fl=(1)
fn=(29) ComposerAutoloaderInit8c21d59468a1b346516972e73914d46d::getLoader
16 5747
cfl=(2)
cfn=(2)
calls=1 0 0
22 10
cfl=(2)
cfn=(5)
calls=1 0 0
23 437
cfl=(2)
cfn=(6)
calls=1 0 0
24 2
cfl=(4)
cfn=(8)
calls=1 0 0
26 47
cfl=(2)
cfn=(9)
calls=1 0 0
27 0
cfl=(2)
cfn=(10)
calls=1 0 0
27 1
cfl=(2)
cfn=(11)
calls=1 0 0
28 2
cfl=(2)
cfn=(12)
calls=1 0 0
28 0
cfl=(5)
cfn=(13)
calls=1 0 0
30 57
cfl=(3)
cfn=(14)
calls=1 0 0
32 23
cfl=(3)
cfn=(14)
calls=1 0 0
32 2
cfl=(3)
cfn=(14)
calls=1 0 0
32 0
cfl=(3)
cfn=(14)
calls=1 0 0
32 0
cfl=(3)
cfn=(14)
calls=1 0 0
32 0
cfl=(3)
cfn=(14)
calls=1 0 0
32 0
cfl=(3)
cfn=(14)
calls=1 0 0
32 0
cfl=(3)
cfn=(14)
calls=1 0 0
32 0
cfl=(3)
cfn=(14)
calls=1 0 0
32 0
cfl=(3)
cfn=(14)
calls=1 0 0
32 0
cfl=(3)
cfn=(14)
calls=1 0 0
32 0
cfl=(3)
cfn=(14)
calls=1 0 0
32 0
cfl=(3)
cfn=(14)
calls=1 0 0
32 0
cfl=(3)
cfn=(14)
calls=1 0 0
32 0
cfl=(3)
cfn=(14)
calls=1 0 0
32 0
cfl=(3)
cfn=(14)
calls=1 0 0
32 0
cfl=(3)
cfn=(14)
calls=1 0 0
32 0
cfl=(3)
cfn=(14)
calls=1 0 0
32 0
cfl=(3)
cfn=(14)
calls=1 0 0
32 0
cfl=(3)
cfn=(14)
calls=1 0 0
32 0
cfl=(3)
cfn=(14)
calls=1 0 0
32 0
cfl=(3)
cfn=(14)
calls=1 0 0
32 0
cfl=(3)
cfn=(14)
calls=1 0 0
32 0
cfl=(3)
cfn=(14)
calls=1 0 0
32 0
cfl=(3)
cfn=(14)
calls=1 0 0
32 0
cfl=(3)
cfn=(14)
calls=1 0 0
32 0
cfl=(3)
cfn=(14)
calls=1 0 0
32 3
cfl=(3)
cfn=(14)
calls=1 0 0
32 1
cfl=(3)
cfn=(14)
calls=1 0 0
32 0
cfl=(3)
cfn=(14)
calls=1 0 0
32 0
cfl=(3)
cfn=(14)
calls=1 0 0
32 1
cfl=(3)
cfn=(14)
calls=1 0 0
32 0
cfl=(3)
cfn=(14)
calls=1 0 0
32 0
cfl=(3)
cfn=(14)
calls=1 0 0
32 3
cfl=(3)
cfn=(14)
calls=1 0 0
32 0
cfl=(3)
cfn=(14)
calls=1 0 0
32 0
cfl=(3)
cfn=(14)
calls=1 0 0
32 0
cfl=(3)
cfn=(14)
calls=1 0 0
32 0
cfl=(3)
cfn=(14)
calls=1 0 0
32 0
cfl=(3)
cfn=(14)
calls=1 0 0
32 0
cfl=(6)
cfn=(15)
calls=1 0 0
35 45
cfl=(3)
cfn=(17)
calls=1 0 0
37 18
cfl=(3)
cfn=(17)
calls=1 0 0
37 10
cfl=(3)
cfn=(17)
calls=1 0 0
37 10
cfl=(3)
cfn=(17)
calls=1 0 0
37 10
cfl=(3)
cfn=(17)
calls=1 0 0
37 10
cfl=(3)
cfn=(17)
calls=1 0 0
37 10
cfl=(3)
cfn=(17)
calls=1 0 0
37 10
cfl=(3)
cfn=(17)
calls=1 0 0
37 10
cfl=(3)
cfn=(17)
calls=1 0 0
37 10
cfl=(3)
cfn=(17)
calls=1 0 0
37 13
cfl=(3)
cfn=(17)
calls=1 0 0
37 10
cfl=(3)
cfn=(17)
calls=1 0 0
37 10
cfl=(3)
cfn=(17)
calls=1 0 0
37 10
cfl=(3)
cfn=(17)
calls=1 0 0
37 10
cfl=(3)
cfn=(17)
calls=1 0 0
37 10
cfl=(3)
cfn=(17)
calls=1 0 0
37 10
cfl=(3)
cfn=(17)
calls=1 0 0
37 11
cfl=(7)
cfn=(18)
calls=1 0 0
40 1899
cfl=(3)
cfn=(19)
calls=1 0 0
42 32
cfl=(3)
cfn=(20)
calls=1 0 0
45 24
cfl=(8)
cfn=(21)
calls=1 0 0
47 44
cfl=(1)
cfn=(27)
calls=1 0 0
49 168
cfl=(1)
cfn=(27)
calls=1 0 0
49 107

fl=(11) /var/www/html/sameas-lite/vendor/autoload.php
fn=(30) require_once::/var/www/html/sameas-lite/vendor/autoload.php
1 491
cfl=(1)
cfn=(1)
calls=1 0 0
5 1
cfl=(1)
cfn=(29)
calls=1 0 0
7 8871

fl=(12) /var/www/html/sameas-lite/profile/MySqlQuerySymbolTimer.php
fn=(31) require_once::/var/www/html/sameas-lite/profile/MySqlQuerySymbolTimer.php
1 0

fl=(2)
fn=(32) php::count
53 5

fl=(12)
fn=(33) SameAsLite\MySqlQuerySymbolTimer->__construct
59 1

fl=(12)
fn=(34) SameAsLite\MySqlQuerySymbolTimer->setDataFile
73 0

fl=(2)
fn=(35) php::microtime
92 1

fl=(2)
fn=(36) php::strtr
347 3

fl=(2)
fn=(37) php::strpos
352 2

fl=(2)
fn=(37)
352 1

fl=(2)
fn=(37)
352 0

fl=(2)
fn=(37)
352 0

fl=(2)
fn=(38) php::substr
354 0

fl=(2)
fn=(39) php::file_exists
354 9

fl=(3)
fn=(40) Composer\Autoload\ClassLoader->findFileWithExtension
344 78
cfl=(2)
cfn=(36)
calls=1 0 0
347 3
cfl=(2)
cfn=(37)
calls=1 0 0
352 2
cfl=(2)
cfn=(37)
calls=1 0 0
352 1
cfl=(2)
cfn=(37)
calls=1 0 0
352 0
cfl=(2)
cfn=(37)
calls=1 0 0
352 0
cfl=(2)
cfn=(38)
calls=1 0 0
354 0
cfl=(2)
cfn=(39)
calls=1 0 0
354 9

fl=(3)
fn=(41) Composer\Autoload\ClassLoader->findFile
314 56
cfl=(3)
cfn=(40)
calls=1 0 0
329 96

fl=(2)
fn=(36)
347 0

fl=(2)
fn=(37)
352 0

fl=(2)
fn=(37)
352 0

fl=(2)
fn=(37)
352 0

fl=(2)
fn=(37)
352 0

fl=(2)
fn=(38)
354 0

fl=(2)
fn=(39)
354 4

fl=(3)
fn=(40)
344 82
cfl=(2)
cfn=(36)
calls=1 0 0
347 0
cfl=(2)
cfn=(37)
calls=1 0 0
352 0
cfl=(2)
cfn=(37)
calls=1 0 0
352 0
cfl=(2)
cfn=(37)
calls=1 0 0
352 0
cfl=(2)
cfn=(37)
calls=1 0 0
352 0
cfl=(2)
cfn=(38)
calls=1 0 0
354 0
cfl=(2)
cfn=(39)
calls=1 0 0
354 4

fl=(3)
fn=(41)
314 49
cfl=(3)
cfn=(40)
calls=1 0 0
329 87

fl=(13) /var/www/html/sameas-lite/src/Store.php
fn=(42) include::/var/www/html/sameas-lite/src/Store.php
1 1

fl=(3)
fn=(43) Composer\Autoload\includeFile
410 787
cfl=(13)
cfn=(42)
calls=1 0 0
412 1

fl=(3)
fn=(44) Composer\Autoload\ClassLoader->loadClass
298 32
cfl=(3)
cfn=(41)
calls=1 0 0
300 137
cfl=(3)
cfn=(43)
calls=1 0 0
301 788

fl=(2)
fn=(5)
45 21
cfl=(3)
cfn=(44)
calls=1 0 0
45 958

fl=(14) /var/www/html/sameas-lite/src/MySqlStore.php
fn=(45) include::/var/www/html/sameas-lite/src/MySqlStore.php
1 53
cfl=(2)
cfn=(5)
calls=1 0 0
45 980

fl=(3)
fn=(43)
410 298
cfl=(14)
cfn=(45)
calls=1 0 0
412 1034

fl=(3)
fn=(44)
298 31
cfl=(3)
cfn=(41)
calls=1 0 0
300 152
cfl=(3)
cfn=(43)
calls=1 0 0
301 1332

fl=(2)
fn=(5)
93 21
cfl=(3)
cfn=(44)
calls=1 0 0
93 1516

fl=(2)
fn=(37)
83 0

fl=(2)
fn=(38)
84 0

fl=(14)
fn=(46) SameAsLite\MySqlStore->getDsnPrefix
77 0

fl=(2)
fn=(47) php::preg_match
98 64

fl=(13)
fn=(48) SameAsLite\Store->__construct
80 57
cfl=(2)
cfn=(37)
calls=1 0 0
83 0
cfl=(2)
cfn=(38)
calls=1 0 0
84 0
cfl=(14)
cfn=(46)
calls=1 0 0
90 0
cfl=(2)
cfn=(47)
calls=1 0 0
98 64

fl=(14)
fn=(49) SameAsLite\MySqlStore->__construct
59 40
cfl=(13)
cfn=(48)
calls=1 0 0
70 123

fl=(2)
fn=(50) php::PDO->__construct
125 1204

fl=(2)
fn=(51) php::PDO->setAttribute
134 1

fl=(2)
fn=(52) php::PDO->exec
89 97

fl=(14)
fn=(53) SameAsLite\MySqlStore->useDatabase
86 26
cfl=(2)
cfn=(52)
calls=1 0 0
89 97

fl=(14)
fn=(54) SameAsLite\MySqlStore->getCreateTablesSql
102 1

fl=(2)
fn=(52)
142 168

fl=(13)
fn=(55) SameAsLite\Store->connect
115 116
cfl=(2)
cfn=(50)
calls=1 0 0
125 1204
cfl=(2)
cfn=(51)
calls=1 0 0
134 1
cfl=(14)
cfn=(53)
calls=1 0 0
137 124
cfl=(14)
cfn=(54)
calls=1 0 0
141 1
cfl=(2)
cfn=(52)
calls=1 0 0
142 168

fl=(2)
fn=(56) php::PDO->prepare
186 5

fl=(2)
fn=(57) php::PDOStatement->execute
187 72

fl=(2)
fn=(58) php::PDOStatement->fetchAll
188 56

fl=(13)
fn=(59) SameAsLite\Store->querySymbol
174 176
cfl=(13)
cfn=(55)
calls=1 0 0
178 1616
cfl=(2)
cfn=(56)
calls=1 0 0
186 5
cfl=(2)
cfn=(57)
calls=1 0 0
187 72
cfl=(2)
cfn=(58)
calls=1 0 0
188 56

fl=(2)
fn=(35)
96 1

fl=(2)
fn=(32)
98 0

fl=(2)
fn=(60) php::file_put_contents
110 62

fl=(2)
fn=(60)
110 12

fl=(2)
fn=(60)
110 7

fl=(2)
fn=(60)
110 6

fl=(2)
fn=(60)
110 7

fl=(2)
fn=(60)
110 7

fl=(2)
fn=(60)
110 7

fl=(2)
fn=(60)
110 8

fl=(2)
fn=(60)
110 6

fl=(2)
fn=(60)
110 8

fl=(2)
fn=(60)
110 7

fl=(2)
fn=(60)
110 7

fl=(2)
fn=(60)
110 8

fl=(2)
fn=(60)
110 7

fl=(2)
fn=(60)
110 7

fl=(2)
fn=(60)
110 7

fl=(2)
fn=(60)
110 7

fl=(2)
fn=(60)
110 7

fl=(2)
fn=(60)
110 8

fl=(2)
fn=(60)
110 6

fl=(2)
fn=(60)
110 10

fl=(2)
fn=(60)
110 13

fl=(2)
fn=(60)
110 108

fl=(2)
fn=(60)
110 28

fl=(2)
fn=(60)
110 15

fl=(2)
fn=(60)
110 11

fl=(2)
fn=(60)
110 11

fl=(2)
fn=(60)
110 15

fl=(2)
fn=(60)
110 15

fl=(2)
fn=(60)
110 16

fl=(2)
fn=(60)
110 12

fl=(2)
fn=(60)
110 12

fl=(2)
fn=(60)
110 12

fl=(2)
fn=(60)
110 11

fl=(2)
fn=(60)
110 12

fl=(2)
fn=(60)
110 11

fl=(2)
fn=(60)
110 11

fl=(2)
fn=(60)
110 10

fl=(2)
fn=(60)
110 15

fl=(2)
fn=(60)
110 12

fl=(2)
fn=(60)
110 12

fl=(2)
fn=(60)
110 11

fl=(2)
fn=(60)
110 10

fl=(2)
fn=(60)
110 7

fl=(2)
fn=(60)
110 6

fl=(2)
fn=(60)
110 8

fl=(2)
fn=(60)
110 12

fl=(2)
fn=(60)
110 7

fl=(2)
fn=(60)
110 7

fl=(2)
fn=(60)
110 8

fl=(2)
fn=(60)
110 6

fl=(2)
fn=(60)
110 8

fl=(2)
fn=(60)
110 6

fl=(2)
fn=(60)
110 7

fl=(2)
fn=(60)
110 7

fl=(2)
fn=(60)
110 7

fl=(2)
fn=(60)
110 7

fl=(2)
fn=(60)
110 8

fl=(2)
fn=(60)
110 6

fl=(2)
fn=(60)
110 8

fl=(2)
fn=(60)
110 8

fl=(2)
fn=(60)
110 6

fl=(2)
fn=(60)
110 8

fl=(2)
fn=(60)
110 6

fl=(2)
fn=(60)
110 8

fl=(2)
fn=(60)
110 8

fl=(2)
fn=(60)
110 7

fl=(2)
fn=(60)
110 6

fl=(2)
fn=(60)
110 8

fl=(2)
fn=(60)
110 6

fl=(2)
fn=(60)
110 8

fl=(2)
fn=(60)
110 6

fl=(2)
fn=(60)
110 6

fl=(2)
fn=(60)
110 6

fl=(2)
fn=(60)
110 7

fl=(2)
fn=(60)
110 7

fl=(2)
fn=(60)
110 6

fl=(2)
fn=(60)
110 8

fl=(2)
fn=(60)
110 7

fl=(2)
fn=(60)
110 7

fl=(2)
fn=(60)
110 6

fl=(2)
fn=(60)
110 7

fl=(2)
fn=(60)
110 8

fl=(2)
fn=(60)
110 8

fl=(2)
fn=(60)
110 7

fl=(2)
fn=(60)
110 7

fl=(2)
fn=(60)
110 7

fl=(2)
fn=(60)
110 7

fl=(2)
fn=(60)
110 6

fl=(2)
fn=(60)
110 8

fl=(2)
fn=(60)
110 7

fl=(2)
fn=(60)
110 7

fl=(2)
fn=(60)
110 6

fl=(2)
fn=(60)
110 8

fl=(2)
fn=(60)
110 7

fl=(2)
fn=(60)
110 7

fl=(2)
fn=(60)
110 7

fl=(2)
fn=(60)
110 8

fl=(2)
fn=(60)
110 6

fl=(2)
fn=(60)
110 15

fl=(2)
fn=(60)
110 8

fl=(13)
fn=(61) SameAsLite\Store->__destruct
158 82

fl=(12)
fn=(62) SameAsLite\MySqlQuerySymbolTimer->querySymbol
90 1768
cfl=(2)
cfn=(35)
calls=1 0 0
92 1
cfl=(2)
cfn=(5)
calls=1 0 0
93 1538
cfl=(14)
cfn=(49)
calls=1 0 0
94 164
cfl=(13)
cfn=(59)
calls=1 0 0
95 1926
cfl=(2)
cfn=(35)
calls=1 0 0
96 1
cfl=(2)
cfn=(32)
calls=1 0 0
98 0
cfl=(2)
cfn=(60)
calls=1 0 0
110 62
cfl=(2)
cfn=(60)
calls=1 0 0
110 12
cfl=(2)
cfn=(60)
calls=1 0 0
110 7
cfl=(2)
cfn=(60)
calls=1 0 0
110 6
cfl=(2)
cfn=(60)
calls=1 0 0
110 7
cfl=(2)
cfn=(60)
calls=1 0 0
110 7
cfl=(2)
cfn=(60)
calls=1 0 0
110 7
cfl=(2)
cfn=(60)
calls=1 0 0
110 8
cfl=(2)
cfn=(60)
calls=1 0 0
110 6
cfl=(2)
cfn=(60)
calls=1 0 0
110 8
cfl=(2)
cfn=(60)
calls=1 0 0
110 7
cfl=(2)
cfn=(60)
calls=1 0 0
110 7
cfl=(2)
cfn=(60)
calls=1 0 0
110 8
cfl=(2)
cfn=(60)
calls=1 0 0
110 7
cfl=(2)
cfn=(60)
calls=1 0 0
110 7
cfl=(2)
cfn=(60)
calls=1 0 0
110 7
cfl=(2)
cfn=(60)
calls=1 0 0
110 7
cfl=(2)
cfn=(60)
calls=1 0 0
110 7
cfl=(2)
cfn=(60)
calls=1 0 0
110 8
cfl=(2)
cfn=(60)
calls=1 0 0
110 6
cfl=(2)
cfn=(60)
calls=1 0 0
110 10
cfl=(2)
cfn=(60)
calls=1 0 0
110 13
cfl=(2)
cfn=(60)
calls=1 0 0
110 108
cfl=(2)
cfn=(60)
calls=1 0 0
110 28
cfl=(2)
cfn=(60)
calls=1 0 0
110 15
cfl=(2)
cfn=(60)
calls=1 0 0
110 11
cfl=(2)
cfn=(60)
calls=1 0 0
110 11
cfl=(2)
cfn=(60)
calls=1 0 0
110 15
cfl=(2)
cfn=(60)
calls=1 0 0
110 15
cfl=(2)
cfn=(60)
calls=1 0 0
110 16
cfl=(2)
cfn=(60)
calls=1 0 0
110 12
cfl=(2)
cfn=(60)
calls=1 0 0
110 12
cfl=(2)
cfn=(60)
calls=1 0 0
110 12
cfl=(2)
cfn=(60)
calls=1 0 0
110 11
cfl=(2)
cfn=(60)
calls=1 0 0
110 12
cfl=(2)
cfn=(60)
calls=1 0 0
110 11
cfl=(2)
cfn=(60)
calls=1 0 0
110 11
cfl=(2)
cfn=(60)
calls=1 0 0
110 10
cfl=(2)
cfn=(60)
calls=1 0 0
110 15
cfl=(2)
cfn=(60)
calls=1 0 0
110 12
cfl=(2)
cfn=(60)
calls=1 0 0
110 12
cfl=(2)
cfn=(60)
calls=1 0 0
110 11
cfl=(2)
cfn=(60)
calls=1 0 0
110 10
cfl=(2)
cfn=(60)
calls=1 0 0
110 7
cfl=(2)
cfn=(60)
calls=1 0 0
110 6
cfl=(2)
cfn=(60)
calls=1 0 0
110 8
cfl=(2)
cfn=(60)
calls=1 0 0
110 12
cfl=(2)
cfn=(60)
calls=1 0 0
110 7
cfl=(2)
cfn=(60)
calls=1 0 0
110 7
cfl=(2)
cfn=(60)
calls=1 0 0
110 8
cfl=(2)
cfn=(60)
calls=1 0 0
110 6
cfl=(2)
cfn=(60)
calls=1 0 0
110 8
cfl=(2)
cfn=(60)
calls=1 0 0
110 6
cfl=(2)
cfn=(60)
calls=1 0 0
110 7
cfl=(2)
cfn=(60)
calls=1 0 0
110 7
cfl=(2)
cfn=(60)
calls=1 0 0
110 7
cfl=(2)
cfn=(60)
calls=1 0 0
110 7
cfl=(2)
cfn=(60)
calls=1 0 0
110 8
cfl=(2)
cfn=(60)
calls=1 0 0
110 6
cfl=(2)
cfn=(60)
calls=1 0 0
110 8
cfl=(2)
cfn=(60)
calls=1 0 0
110 8
cfl=(2)
cfn=(60)
calls=1 0 0
110 6
cfl=(2)
cfn=(60)
calls=1 0 0
110 8
cfl=(2)
cfn=(60)
calls=1 0 0
110 6
cfl=(2)
cfn=(60)
calls=1 0 0
110 8
cfl=(2)
cfn=(60)
calls=1 0 0
110 8
cfl=(2)
cfn=(60)
calls=1 0 0
110 7
cfl=(2)
cfn=(60)
calls=1 0 0
110 6
cfl=(2)
cfn=(60)
calls=1 0 0
110 8
cfl=(2)
cfn=(60)
calls=1 0 0
110 6
cfl=(2)
cfn=(60)
calls=1 0 0
110 8
cfl=(2)
cfn=(60)
calls=1 0 0
110 6
cfl=(2)
cfn=(60)
calls=1 0 0
110 6
cfl=(2)
cfn=(60)
calls=1 0 0
110 6
cfl=(2)
cfn=(60)
calls=1 0 0
110 7
cfl=(2)
cfn=(60)
calls=1 0 0
110 7
cfl=(2)
cfn=(60)
calls=1 0 0
110 6
cfl=(2)
cfn=(60)
calls=1 0 0
110 8
cfl=(2)
cfn=(60)
calls=1 0 0
110 7
cfl=(2)
cfn=(60)
calls=1 0 0
110 7
cfl=(2)
cfn=(60)
calls=1 0 0
110 6
cfl=(2)
cfn=(60)
calls=1 0 0
110 7
cfl=(2)
cfn=(60)
calls=1 0 0
110 8
cfl=(2)
cfn=(60)
calls=1 0 0
110 8
cfl=(2)
cfn=(60)
calls=1 0 0
110 7
cfl=(2)
cfn=(60)
calls=1 0 0
110 7
cfl=(2)
cfn=(60)
calls=1 0 0
110 7
cfl=(2)
cfn=(60)
calls=1 0 0
110 7
cfl=(2)
cfn=(60)
calls=1 0 0
110 6
cfl=(2)
cfn=(60)
calls=1 0 0
110 8
cfl=(2)
cfn=(60)
calls=1 0 0
110 7
cfl=(2)
cfn=(60)
calls=1 0 0
110 7
cfl=(2)
cfn=(60)
calls=1 0 0
110 6
cfl=(2)
cfn=(60)
calls=1 0 0
110 8
cfl=(2)
cfn=(60)
calls=1 0 0
110 7
cfl=(2)
cfn=(60)
calls=1 0 0
110 7
cfl=(2)
cfn=(60)
calls=1 0 0
110 7
cfl=(2)
cfn=(60)
calls=1 0 0
110 8
cfl=(2)
cfn=(60)
calls=1 0 0
110 6
cfl=(2)
cfn=(60)
calls=1 0 0
110 15
cfl=(2)
cfn=(60)
calls=1 0 0
110 8
cfl=(13)
cfn=(61)
calls=1 0 0
60 82

fl=(2)
fn=(63) php::printf
61 147

fl=(15) /var/www/html/sameas-lite/profile/QuerySymbol.php
fn=(64) {main}

summary: 17055

1 983
cfl=(11)
cfn=(30)
calls=1 0 0
42 9364
cfl=(12)
cfn=(31)
calls=1 0 0
43 0
cfl=(2)
cfn=(32)
calls=1 0 0
53 5
cfl=(12)
cfn=(33)
calls=1 0 0
58 1
cfl=(12)
cfn=(34)
calls=1 0 0
59 0
cfl=(12)
cfn=(62)
calls=1 0 0
60 6552
cfl=(2)
cfn=(63)
calls=1 0 0
61 147

